<DoNotPublish>Distance = 271 DPTableSize =739872 </DoNotPublish>
27820 1
27321 1
14131 1
13910 1
13837 1
13802 1
13566 1
3092 1
1469 1
570 1
422 1
401 1
376 1
372 1
299 1
235 1
204 1
195 1
190 1
183 1
179 1
164 1
152 1
151 1
133 2
131 1
127 1
126 2
122 1
118 2
114 1
113 1
109 1
97 2
89 1
87 1
86 2
84 1
83 1
79 2
78 1
76 1
74 3
72 1
70 2
68 1
66 2
64 2
60 2
59 3
58 1
57 1
55 2
54 4
53 3
52 2
51 4
50 6
47 6
46 6
45 10
44 1
43 2
42 10
41 1
40 4
39 7
38 2
37 2
36 9
35 2
34 6
33 3
32 15
31 2
30 6
28 17
27 9
26 14
25 6
24 13
23 6
22 16
21 29
20 25
19 13
18 35
17 29
16 7
15 61
14 57
13 56
12 79
11 65
10 114
9 149
8 217
7 203
6 680
5 755
4 4779
3 5207
2 135038
1 142343
