<DoNotPublish>Distance = 2899 DPTableSize =11992125 </DoNotPublish>
149921 1
23795 1
21664 1
19916 1
19131 1
19111 1
17662 1
16962 1
16066 1
14476 1
14336 1
14079 1
13168 1
13007 1
13001 1
11446 1
11405 1
10974 1
10892 1
10595 1
10293 1
8884 1
8743 1
8604 1
8507 1
8326 1
8104 1
7949 1
7838 1
7681 1
7539 1
7479 1
7433 1
7397 1
7163 1
6770 1
6304 1
6209 2
5978 1
5890 1
5876 1
5685 1
5662 1
5573 1
5488 1
5466 1
5334 1
5084 1
5052 1
5045 1
5015 1
5014 1
4884 1
4846 1
4833 1
4818 1
4787 1
4778 1
4759 1
4601 1
4442 1
4387 1
4379 1
4360 1
4340 1
4309 1
4246 1
4231 1
4198 1
4002 1
3978 1
3966 1
3719 1
3690 1
3685 2
3651 1
3531 1
3523 1
3516 1
3481 1
3448 1
3410 1
3379 1
3307 1
3295 1
3290 1
3278 1
3267 1
3265 1
3240 1
3218 1
3216 1
3198 1
3139 1
3128 1
3091 1
3064 1
3046 1
3024 1
3022 1
3000 1
2980 1
2976 1
2972 1
2939 1
2923 1
2919 1
2890 1
2878 1
2843 1
2812 1
2811 1
2790 1
2772 2
2761 1
2754 1
2743 1
2729 1
2696 2
2694 1
2692 1
2652 1
2646 1
2605 1
2604 1
2600 1
2589 1
2572 1
2566 1
2560 1
2540 1
2535 1
2518 1
2489 1
2465 1
2456 1
2443 1
2429 1
2420 1
2385 1
2376 1
2371 1
2367 1
2361 1
2342 1
2336 1
2326 1
2319 1
2307 1
2305 2
2283 1
2277 1
2271 1
2254 2
2240 1
2231 1
2226 1
2207 1
2203 1
2188 1
2177 1
2174 1
2158 1
2109 1
2108 1
2096 1
2093 1
2092 1
2090 1
2088 1
2080 1
2072 1
2071 1
2067 1
2061 3
2054 1
2042 1
2035 1
2033 1
2030 1
2012 1
2003 1
1990 1
1963 1
1962 2
1958 1
1940 1
1937 1
1929 1
1924 1
1907 1
1904 1
1889 1
1888 1
1876 1
1826 1
1797 1
1789 1
1786 1
1783 1
1775 1
1774 1
1771 1
1762 1
1760 1
1739 1
1733 1
1731 1
1725 1
1724 1
1722 1
1714 1
1713 1
1712 1
1706 2
1683 1
1679 1
1677 1
1674 2
1667 1
1663 1
1662 1
1653 2
1646 1
1640 2
1634 1
1633 1
1629 1
1626 1
1621 1
1618 1
1613 1
1608 1
1607 2
1602 2
1584 1
1581 1
1575 2
1574 1
1568 1
1562 1
1557 1
1551 2
1543 1
1540 1
1533 1
1531 1
1525 1
1520 1
1517 1
1515 1
1504 2
1502 1
1499 1
1498 1
1494 1
1489 1
1488 1
1487 1
1479 2
1478 1
1475 2
1473 1
1470 1
1469 1
1466 1
1465 1
1458 1
1455 1
1454 1
1453 1
1451 1
1443 1
1440 1
1437 1
1429 1
1420 1
1416 1
1411 1
1408 1
1404 1
1385 1
1382 1
1379 2
1378 1
1374 1
1372 1
1371 1
1365 2
1362 1
1361 2
1360 2
1359 1
1356 1
1353 1
1350 1
1347 1
1341 3
1337 1
1328 1
1327 1
1325 2
1316 1
1311 1
1309 1
1307 2
1299 1
1287 2
1286 1
1285 3
1282 2
1280 1
1271 3
1264 1
1260 1
1250 1
1248 1
1239 2
1235 1
1233 4
1227 1
1222 1
1219 1
1218 3
1212 2
1206 3
1201 2
1189 1
1187 1
1180 1
1179 2
1176 1
1172 1
1171 1
1168 1
1167 1
1166 1
1163 1
1158 1
1157 2
1155 1
1153 1
1150 1
1143 1
1141 1
1140 3
1139 4
1132 1
1130 1
1125 1
1124 1
1122 2
1119 1
1112 1
1110 1
1108 1
1106 1
1100 2
1098 2
1096 3
1088 1
1084 2
1082 4
1078 1
1077 1
1076 1
1073 1
1071 1
1070 1
1068 1
1066 1
1064 1
1059 1
1056 1
1054 2
1050 1
1048 1
1046 1
1044 1
1043 1
1042 4
1040 1
1038 1
1037 1
1032 2
1028 1
1027 1
1025 2
1024 6
1016 2
1015 1
1012 3
1011 1
1008 2
1007 2
1005 1
1004 1
1002 1
1000 6
995 1
994 3
993 1
990 5
987 3
986 1
985 1
981 1
978 1
975 4
973 2
971 1
960 1
959 2
957 1
955 2
954 2
953 1
952 1
951 3
950 1
948 3
945 1
944 2
943 1
942 1
941 1
939 2
938 1
937 2
935 1
933 1
930 3
929 2
926 1
925 1
923 1
921 2
920 1
918 1
917 1
916 2
915 4
913 1
910 1
907 1
904 4
903 2
902 1
901 2
900 2
899 3
895 2
894 2
893 1
891 1
890 1
889 3
888 1
886 1
885 2
884 3
880 3
879 1
878 2
876 2
875 3
873 1
872 1
871 1
870 2
869 2
868 1
865 1
864 1
863 1
862 1
861 2
859 1
857 1
855 3
846 4
845 2
837 2
836 3
835 2
832 1
830 2
828 2
827 2
826 1
825 3
824 2
820 5
816 1
815 2
814 1
812 2
809 1
806 3
805 1
804 4
803 1
800 3
798 3
795 1
794 2
793 3
792 2
790 3
789 1
788 1
786 2
782 4
780 1
778 2
775 2
774 6
767 3
766 3
763 3
762 3
761 1
760 1
757 2
756 1
755 1
754 1
753 2
750 3
748 3
746 1
743 2
742 1
741 3
737 1
736 3
735 4
734 2
733 3
732 1
731 2
730 1
729 1
727 2
726 3
725 1
724 1
723 1
722 1
719 2
715 1
714 1
713 1
711 3
710 2
708 1
707 2
705 1
702 3
699 1
698 5
697 5
696 5
694 3
693 2
692 2
690 2
686 2
685 5
681 1
680 1
679 5
678 4
676 1
673 3
672 2
671 6
669 1
667 3
666 4
665 1
664 3
662 2
661 4
659 2
657 5
655 8
653 4
652 2
650 5
648 2
646 1
643 1
640 3
639 10
637 3
636 3
635 1
634 1
633 2
632 1
631 1
629 2
628 2
627 5
625 9
623 1
621 1
620 4
618 3
616 1
615 8
614 3
613 1
611 2
609 1
607 2
606 5
605 5
604 1
603 5
601 2
600 1
599 5
598 5
597 5
596 3
592 5
590 1
589 3
588 2
587 2
586 1
585 2
584 3
583 3
581 2
580 4
579 2
578 9
577 3
576 5
575 3
573 1
572 9
569 2
568 8
567 1
566 1
565 4
564 3
563 1
562 5
561 1
559 6
558 1
557 5
556 5
555 1
553 5
552 6
551 1
550 1
549 5
548 4
547 1
546 1
545 4
543 1
542 4
541 3
540 1
539 1
538 1
536 3
535 7
534 2
533 5
531 1
530 1
529 3
528 1
527 5
526 3
525 2
524 1
523 2
522 1
521 2
519 10
518 6
517 11
516 1
515 2
514 1
513 2
511 1
510 9
509 9
508 2
507 2
506 2
505 2
504 9
503 5
502 4
501 5
500 2
499 3
498 4
497 3
495 13
494 1
493 14
492 2
491 1
490 2
489 3
488 5
487 2
486 9
485 1
484 1
482 7
481 2
480 3
479 9
476 4
475 17
474 3
473 1
471 3
470 8
469 2
468 5
467 11
466 5
465 1
464 5
462 3
461 7
460 7
459 1
458 9
457 6
455 4
454 1
453 11
451 6
450 3
449 10
448 10
447 3
444 6
443 9
441 5
440 1
439 6
438 3
437 5
436 7
435 3
434 4
432 8
431 3
429 10
428 4
427 7
426 4
425 6
424 5
423 2
422 4
421 9
420 5
419 7
418 6
416 7
415 1
413 11
412 6
410 1
409 12
408 1
407 9
406 2
405 6
404 7
402 6
401 1
400 12
398 9
397 4
396 4
395 20
394 5
393 11
392 9
391 4
390 3
389 4
388 1
387 8
386 20
385 10
383 12
382 5
381 4
380 3
379 3
378 17
377 6
376 3
375 7
372 20
371 8
370 4
369 8
368 11
367 4
366 9
365 5
364 7
363 3
362 19
361 6
360 4
359 2
358 10
357 6
356 7
355 12
354 12
353 10
352 4
351 9
350 6
349 6
348 14
347 6
346 9
345 16
343 6
342 11
341 2
340 9
339 7
338 11
337 3
336 19
335 4
334 19
333 1
332 8
331 3
330 13
329 14
328 5
327 9
326 5
325 16
324 5
323 15
322 4
321 14
320 3
318 19
317 16
316 6
315 2
314 9
313 9
312 24
311 19
310 7
309 5
308 4
307 31
306 5
305 4
304 16
303 6
302 15
301 8
300 6
299 18
298 6
297 12
296 3
295 13
294 18
293 5
292 11
291 13
290 3
289 7
288 24
287 22
286 2
285 11
284 7
283 10
282 5
281 15
280 13
279 7
278 10
277 11
276 4
275 23
274 6
273 11
272 18
271 15
270 15
269 9
268 7
267 9
266 17
265 8
264 15
263 23
262 13
261 8
260 1
259 7
258 13
257 8
256 38
255 9
254 16
253 16
252 8
251 40
250 4
249 16
248 6
247 9
246 18
245 33
244 5
243 17
241 21
240 13
239 17
238 16
237 43
236 9
235 9
234 21
233 30
232 21
231 17
230 24
229 13
228 8
227 22
226 23
225 15
224 23
223 21
222 21
221 17
220 17
219 14
218 23
217 27
216 13
215 25
214 36
213 40
212 4
211 12
210 32
209 8
208 25
207 41
206 26
205 18
204 5
203 56
202 2
201 39
200 29
199 31
198 27
197 25
196 27
195 23
194 38
193 46
192 2
191 33
190 42
189 14
188 35
187 37
186 28
185 41
184 7
183 59
182 10
181 27
180 27
179 47
178 27
177 38
176 20
175 47
174 36
173 22
172 7
171 68
170 19
169 44
168 46
167 35
166 54
165 28
164 37
163 48
162 49
161 28
160 25
159 58
158 43
157 31
156 69
155 24
154 41
153 34
152 47
151 41
150 75
149 53
148 26
147 53
146 74
145 44
144 74
143 38
142 70
141 61
140 22
139 67
138 68
137 65
136 83
135 24
134 73
133 75
132 68
131 30
130 78
129 77
128 50
127 66
126 60
125 91
124 78
123 17
122 129
121 32
120 114
119 73
118 56
117 82
116 79
115 92
114 71
113 97
112 63
111 126
110 104
109 89
108 93
107 88
106 121
105 119
104 83
103 119
102 129
101 132
100 109
99 116
98 111
97 178
96 155
95 98
94 137
93 149
92 132
91 118
90 153
89 127
88 126
87 192
86 125
85 159
84 171
83 174
82 151
81 177
80 188
79 189
78 220
77 200
76 227
75 199
74 239
73 184
72 229
71 258
70 279
69 271
68 277
67 269
66 251
65 327
64 261
63 352
62 283
61 307
60 368
59 353
58 329
57 360
56 427
55 425
54 399
53 509
52 499
51 485
50 527
49 522
48 610
47 544
46 613
45 651
44 671
43 724
42 757
41 867
40 892
39 866
38 895
37 1051
36 1088
35 1160
34 1205
33 1285
32 1345
31 1504
30 1589
29 1737
28 1834
27 2008
26 2203
25 2362
24 2632
23 2857
22 3150
21 3550
20 3821
19 4399
18 4845
17 5542
16 6312
15 7233
14 8381
13 10031
12 12012
11 14598
10 18370
9 22868
8 31387
7 41718
6 70295
5 97836
4 291664
3 405381
2 3983759
1 3647135
