<DoNotPublish>Distance = 704 DPTableSize =6138758 </DoNotPublish>
110369 1
96193 1
93869 1
57878 1
57674 1
55937 1
55636 1
50693 1
48905 1
38619 1
38467 1
38107 1
37755 1
37598 1
37414 1
37388 1
37195 1
37114 1
37068 1
37048 1
36974 1
34753 1
34042 1
29555 1
27761 1
26528 1
26093 1
24664 1
24562 1
24302 1
23991 1
23838 1
23793 1
23769 1
20362 1
19540 1
19279 1
18948 1
18900 1
18883 1
18837 1
18742 1
18740 1
18703 1
18695 1
18671 1
18670 1
18649 1
18619 1
18615 1
18601 1
18541 1
18488 1
18476 1
18408 1
18397 1
18270 1
18190 1
17903 1
17893 1
17609 1
17304 1
16203 1
15730 1
15078 1
14725 1
14019 1
13954 1
13413 1
12504 1
12002 1
11824 1
11068 1
9745 1
9515 1
9489 1
9480 1
9325 1
9222 1
8826 1
7592 1
7528 1
5484 1
3466 1
2380 1
1565 1
1555 1
1446 1
1231 1
1195 1
1109 1
863 1
835 1
746 1
675 1
517 1
466 1
442 1
423 1
366 1
253 1
249 1
228 1
226 1
218 1
209 1
183 1
181 1
166 1
164 1
161 1
158 1
149 1
145 1
138 1
135 1
126 1
120 2
117 1
109 1
102 1
100 1
97 1
95 1
93 1
92 2
86 1
85 3
84 1
83 1
82 4
81 1
79 3
75 2
74 3
72 2
71 4
69 1
68 2
67 3
66 2
62 1
60 6
59 1
58 2
57 3
56 1
55 2
54 1
53 2
51 13
50 4
49 1
48 6
47 2
46 6
45 4
44 11
42 1
41 10
40 4
38 3
36 12
35 13
34 9
33 4
32 12
31 9
30 22
28 6
27 25
26 13
25 1
24 37
23 18
22 46
21 21
20 31
19 38
18 56
17 21
16 71
15 33
14 184
13 104
12 1378
11 124
10 8530
9 459
8 34969
7 1051
6 147334
5 3183
4 603269
3 12985
2 4528135
1 181925
