<DoNotPublish>Distance = 4340 DPTableSize =22561814 </DoNotPublish>
207492 1
188381 1
95864 1
51520 1
28926 1
27664 1
23871 1
22097 1
20834 1
20706 1
20400 1
20059 1
19975 1
19785 1
19691 1
18209 1
18174 1
18077 1
18026 1
17565 1
16892 1
16151 1
15917 1
15567 1
15533 1
15521 1
14917 1
14537 1
14516 1
14389 1
13748 1
13413 1
13347 1
13022 1
12904 1
12649 1
12522 1
12313 1
12221 1
12187 1
11357 1
11131 1
10734 1
10566 2
10545 1
10527 1
10345 1
10251 1
10200 1
10151 1
10106 1
10043 1
9946 1
9650 1
9627 1
9454 1
9021 1
9005 1
8921 1
8623 1
8618 1
8613 1
8598 1
8563 1
8315 1
8298 1
8284 1
8115 1
8075 1
8049 1
8017 1
7892 1
7889 1
7864 1
7840 1
7793 1
7717 1
7666 1
7642 1
7622 1
7575 1
7526 1
7503 1
7475 1
7459 1
7451 1
7437 1
7434 1
7428 1
7410 1
7403 1
7393 1
7388 1
7366 1
7330 1
7234 1
7128 1
7124 1
7090 1
7082 1
7057 1
7053 1
6955 1
6834 1
6812 1
6707 1
6651 1
6632 1
6600 1
6586 1
6566 1
6529 1
6504 1
6425 1
6391 2
6335 1
6222 1
6198 1
6170 1
6077 1
6049 1
6042 1
5981 1
5963 1
5874 1
5825 1
5792 1
5752 1
5748 1
5747 1
5710 2
5692 1
5683 1
5663 1
5570 1
5563 1
5554 1
5522 1
5493 1
5405 1
5396 1
5380 1
5373 1
5349 1
5334 1
5321 1
5285 1
5270 1
5267 2
5261 1
5158 1
5136 1
5120 1
5102 1
5060 1
5016 1
5007 1
4999 1
4979 1
4967 1
4879 1
4864 1
4834 1
4827 1
4802 1
4763 1
4757 1
4751 1
4748 1
4742 1
4734 1
4726 1
4722 1
4711 1
4705 1
4673 1
4666 1
4624 1
4604 1
4598 1
4584 1
4583 1
4564 1
4527 1
4501 1
4493 2
4477 1
4470 1
4432 1
4417 1
4412 1
4393 1
4390 1
4362 1
4344 1
4323 1
4312 1
4293 1
4248 1
4229 2
4226 1
4200 1
4165 1
4164 1
4152 1
4147 1
4131 1
4122 1
4106 1
4100 1
4091 1
4074 1
4067 1
4062 1
4056 1
4035 1
4030 1
4020 1
3987 1
3972 1
3957 1
3943 1
3927 1
3879 1
3876 1
3837 2
3830 2
3810 1
3805 1
3796 1
3782 1
3780 1
3774 1
3764 1
3757 1
3742 1
3716 1
3712 1
3710 1
3701 1
3690 1
3686 1
3682 1
3679 1
3664 1
3649 1
3644 1
3642 1
3638 1
3633 1
3630 1
3610 1
3603 1
3601 1
3591 1
3582 1
3574 1
3554 1
3549 1
3548 1
3544 1
3535 1
3530 1
3526 1
3518 1
3512 1
3511 1
3506 1
3497 1
3493 1
3475 1
3468 1
3449 1
3435 1
3431 1
3424 1
3418 1
3412 1
3401 1
3394 1
3382 1
3376 1
3365 1
3357 1
3340 1
3331 1
3328 1
3315 1
3314 1
3312 2
3301 1
3278 1
3272 1
3259 1
3226 1
3212 1
3209 1
3195 3
3185 1
3179 2
3148 1
3133 1
3126 1
3121 1
3120 1
3117 1
3098 1
3089 1
3087 1
3083 1
3080 1
3074 1
3070 1
3065 1
3056 1
3047 1
3039 1
3030 2
3026 1
3023 1
3022 1
3007 1
3006 1
3003 1
3002 1
2989 1
2987 1
2984 1
2982 1
2978 1
2962 1
2957 1
2947 2
2943 1
2942 1
2936 2
2930 1
2927 1
2909 1
2894 2
2872 1
2865 1
2859 1
2858 1
2856 1
2851 1
2848 1
2840 1
2836 1
2821 1
2807 1
2806 1
2802 1
2798 1
2789 1
2783 1
2780 1
2772 2
2769 1
2763 1
2757 1
2751 1
2736 1
2715 1
2705 1
2695 1
2682 1
2681 1
2674 1
2672 1
2669 2
2668 1
2665 1
2659 1
2643 1
2636 2
2621 1
2620 1
2610 1
2569 3
2567 1
2563 1
2560 1
2551 1
2546 1
2540 2
2528 1
2504 1
2502 2
2498 1
2490 1
2486 2
2485 1
2481 1
2477 1
2475 4
2469 1
2466 1
2461 2
2448 1
2446 1
2441 1
2437 1
2431 1
2424 1
2409 2
2405 1
2401 2
2400 1
2396 1
2392 2
2389 1
2382 1
2376 1
2373 3
2360 1
2355 1
2350 1
2346 1
2343 1
2340 1
2337 1
2335 1
2325 1
2321 1
2308 2
2303 1
2300 1
2296 1
2290 1
2288 1
2287 1
2284 2
2282 1
2280 1
2279 1
2278 1
2276 1
2272 1
2264 1
2260 2
2255 1
2244 1
2243 1
2242 1
2241 1
2236 1
2231 1
2225 2
2224 1
2221 1
2219 2
2213 1
2210 1
2208 1
2191 1
2190 1
2185 1
2181 2
2177 1
2174 1
2171 2
2170 1
2165 1
2162 1
2160 1
2159 1
2156 1
2150 1
2149 1
2146 2
2141 1
2140 1
2137 2
2134 1
2132 2
2131 1
2128 1
2123 2
2111 1
2110 1
2108 1
2105 2
2102 1
2100 1
2095 1
2093 1
2089 1
2085 1
2082 1
2080 1
2079 1
2077 2
2072 1
2068 1
2067 1
2063 1
2060 2
2058 3
2048 1
2040 2
2038 2
2037 2
2030 2
2029 1
2026 3
2025 1
2024 2
2023 2
2020 2
2008 1
2005 1
2004 1
1997 1
1984 1
1983 1
1976 2
1973 1
1972 1
1968 1
1967 2
1963 1
1961 1
1959 1
1957 1
1955 1
1951 1
1948 4
1945 4
1943 2
1942 1
1941 2
1936 1
1935 1
1934 2
1932 1
1929 1
1924 2
1914 1
1913 3
1911 1
1910 1
1904 2
1901 1
1900 1
1894 1
1888 2
1885 2
1880 1
1877 2
1875 2
1874 1
1871 1
1868 1
1866 1
1865 1
1864 1
1863 1
1856 1
1855 2
1854 1
1853 1
1851 1
1846 2
1844 1
1841 1
1839 1
1833 1
1830 5
1827 1
1824 1
1820 1
1819 1
1815 5
1814 1
1812 2
1810 1
1806 1
1803 3
1802 1
1800 1
1796 1
1795 2
1794 2
1792 1
1788 1
1786 2
1783 4
1780 1
1779 1
1776 1
1775 1
1767 1
1765 2
1761 1
1756 1
1753 1
1752 2
1748 1
1747 1
1746 1
1740 2
1737 1
1735 1
1732 1
1731 3
1729 1
1726 1
1724 1
1719 1
1717 4
1709 1
1707 1
1706 1
1701 2
1700 1
1697 1
1692 1
1690 2
1689 1
1687 2
1683 4
1680 1
1678 3
1677 1
1675 4
1674 5
1671 3
1665 2
1663 3
1661 1
1659 2
1655 1
1654 1
1652 2
1651 3
1649 1
1648 1
1646 1
1643 1
1641 1
1640 2
1637 2
1634 2
1627 1
1625 1
1623 1
1622 2
1619 2
1618 1
1617 1
1613 1
1612 1
1608 4
1606 2
1603 1
1602 3
1601 3
1600 1
1598 2
1595 1
1593 2
1592 5
1591 4
1584 4
1583 2
1579 2
1578 3
1574 1
1573 2
1571 1
1569 1
1568 1
1566 1
1564 1
1562 2
1560 3
1558 1
1553 3
1551 1
1550 1
1547 1
1546 3
1543 2
1542 3
1540 1
1539 2
1538 1
1536 2
1535 1
1533 1
1532 1
1531 1
1530 1
1528 5
1526 1
1525 3
1524 2
1520 2
1518 3
1516 1
1512 1
1511 3
1510 2
1508 1
1501 1
1500 1
1498 1
1497 2
1496 1
1494 2
1493 4
1492 1
1488 2
1486 3
1481 1
1477 2
1474 1
1473 1
1469 3
1467 1
1466 1
1464 2
1463 2
1462 1
1460 2
1459 2
1458 2
1457 1
1455 1
1454 3
1449 1
1447 1
1446 3
1442 4
1432 2
1431 6
1428 2
1425 1
1423 1
1422 2
1419 2
1418 1
1417 3
1413 1
1412 1
1411 2
1410 1
1409 3
1408 1
1407 2
1402 2
1401 1
1400 1
1399 3
1397 2
1396 1
1395 3
1392 1
1389 3
1387 1
1386 2
1385 3
1384 1
1382 1
1379 1
1377 1
1375 1
1369 4
1367 2
1366 1
1365 2
1363 3
1361 2
1359 1
1358 3
1357 2
1353 1
1349 1
1348 1
1347 2
1346 2
1345 1
1342 1
1340 2
1338 4
1337 1
1336 1
1334 2
1333 2
1332 1
1331 1
1330 2
1328 3
1325 2
1322 1
1320 1
1319 4
1318 1
1313 3
1311 2
1309 2
1308 2
1304 2
1302 2
1299 1
1297 3
1296 3
1295 1
1292 2
1291 2
1289 2
1286 2
1285 3
1284 1
1282 3
1279 2
1275 4
1273 4
1271 1
1270 2
1269 3
1266 1
1265 1
1264 6
1262 6
1261 1
1257 1
1255 5
1250 2
1248 1
1247 1
1246 1
1244 3
1243 1
1241 1
1240 3
1238 4
1237 2
1236 5
1234 1
1233 2
1232 1
1231 2
1230 3
1228 2
1226 1
1223 2
1222 3
1220 1
1219 1
1218 1
1217 3
1216 2
1215 1
1214 3
1213 2
1212 1
1210 2
1209 3
1206 2
1204 1
1203 1
1201 2
1200 4
1198 1
1196 2
1194 1
1191 1
1189 2
1188 2
1186 1
1184 4
1183 2
1182 2
1179 3
1178 2
1176 1
1171 4
1169 1
1168 2
1167 2
1165 1
1163 3
1159 2
1156 2
1155 2
1154 1
1151 5
1150 1
1149 1
1146 1
1145 1
1144 1
1142 4
1141 1
1140 5
1137 1
1135 1
1134 2
1133 4
1132 1
1131 3
1130 2
1129 1
1128 2
1126 3
1122 2
1121 1
1119 5
1117 2
1115 5
1114 1
1113 5
1112 1
1109 1
1107 2
1106 2
1105 1
1101 1
1100 1
1098 2
1097 4
1095 3
1092 2
1091 3
1089 3
1086 1
1085 3
1084 2
1081 1
1080 3
1079 2
1078 4
1077 1
1076 1
1075 3
1074 5
1072 3
1071 6
1067 3
1066 1
1065 1
1064 4
1063 1
1060 2
1059 5
1058 3
1057 1
1056 3
1055 3
1053 1
1052 2
1050 1
1049 1
1048 2
1047 1
1046 4
1045 5
1044 1
1043 5
1040 3
1039 1
1038 2
1036 1
1034 1
1031 2
1030 2
1029 5
1025 5
1024 3
1022 3
1021 1
1020 2
1019 6
1018 4
1017 1
1016 3
1015 2
1014 2
1013 1
1011 1
1010 4
1008 5
1007 6
1006 1
1002 3
1001 4
1000 8
999 3
998 6
997 1
996 5
995 2
994 3
993 1
990 5
989 3
988 3
986 9
985 1
984 3
983 2
979 2
978 6
977 3
975 7
974 4
973 2
970 4
969 7
966 1
965 4
963 1
961 2
960 2
959 2
958 2
957 3
954 7
953 1
952 1
951 1
950 1
949 2
947 8
945 2
943 6
942 1
941 2
940 3
939 2
938 1
935 1
934 5
933 2
932 3
931 1
930 1
929 5
928 4
927 1
926 2
923 2
921 12
920 2
919 3
917 2
913 1
912 1
911 1
910 5
909 4
907 2
906 1
904 5
903 2
902 2
901 8
900 6
898 7
895 2
892 4
891 3
890 6
889 2
888 1
887 2
886 4
885 2
884 1
883 5
881 2
880 1
879 2
878 4
877 2
876 1
875 2
874 2
872 6
871 1
870 2
869 5
868 3
867 4
865 1
864 1
863 3
862 1
861 9
860 1
858 2
857 3
856 4
852 5
851 4
850 5
849 8
848 2
845 2
844 1
842 6
841 1
839 6
837 4
835 6
834 1
833 13
832 1
831 5
830 1
829 3
828 5
826 4
823 7
822 2
821 1
820 7
819 8
818 2
816 1
815 4
814 4
813 5
812 2
811 6
810 2
809 3
808 2
807 7
806 2
805 1
803 1
802 4
801 3
799 4
798 2
797 6
796 1
794 2
792 6
790 10
789 5
788 2
787 13
786 1
785 3
784 2
783 1
782 1
781 1
780 7
779 1
778 4
777 1
776 4
775 5
774 1
773 3
771 8
769 6
768 6
767 2
764 8
763 1
762 3
760 10
759 7
758 3
756 2
755 3
754 4
753 1
752 1
751 6
750 1
748 1
747 10
746 4
745 10
744 1
743 7
742 8
741 4
740 1
739 1
738 1
737 1
736 7
735 11
734 3
732 8
731 4
730 1
729 1
728 13
727 5
726 2
725 1
724 10
723 1
722 3
721 4
720 10
719 3
718 1
717 6
716 10
715 2
714 2
713 5
712 3
711 5
710 10
709 2
708 1
707 17
705 2
704 4
703 6
702 1
701 6
700 1
699 8
698 4
697 1
696 4
695 8
693 6
692 3
691 1
690 11
689 3
687 4
686 2
684 20
683 2
682 6
681 7
679 2
678 6
677 3
676 4
675 13
674 5
673 5
672 3
671 10
670 6
669 3
666 3
665 5
664 5
663 2
662 11
661 7
660 2
658 4
657 1
656 13
655 8
654 11
653 2
652 1
651 11
650 7
649 5
648 6
647 9
646 8
645 6
644 10
643 3
642 4
640 6
639 12
638 1
637 12
636 4
635 1
634 11
633 2
632 4
630 11
629 1
628 7
627 2
626 6
625 4
624 14
623 1
622 2
621 5
620 5
619 7
618 10
617 4
616 7
615 1
614 2
613 9
612 10
611 2
610 4
609 6
608 4
607 4
606 14
605 6
604 8
603 11
601 9
599 19
598 4
597 1
596 2
595 15
594 8
593 1
592 3
590 17
589 3
588 6
587 7
585 11
584 3
583 15
582 8
581 5
580 7
579 9
578 2
577 8
575 14
574 2
573 2
572 1
571 14
570 4
569 2
567 3
566 21
565 2
564 8
563 3
562 1
561 6
560 17
559 4
558 7
557 5
556 4
555 4
554 4
553 8
552 2
551 16
550 1
549 4
548 1
547 6
546 7
545 17
544 6
543 6
542 4
541 14
539 13
538 10
537 2
535 17
534 4
533 2
532 3
531 10
530 4
529 6
527 2
526 5
525 27
524 5
523 5
522 3
521 9
520 19
519 3
518 2
517 15
515 4
514 19
513 12
512 1
511 2
510 4
509 11
508 14
507 4
506 3
505 21
504 9
503 1
502 6
501 14
500 7
499 3
498 8
497 8
495 6
494 14
492 14
491 23
490 11
489 10
488 18
487 5
486 8
485 6
484 8
483 8
482 22
481 4
480 5
479 16
478 1
477 5
476 10
475 5
474 14
473 11
472 10
471 6
470 3
469 11
468 8
467 17
465 20
463 25
462 2
461 9
460 3
459 9
458 19
457 7
456 7
455 12
454 17
453 3
452 8
451 10
450 32
449 2
448 14
447 9
446 3
445 8
444 15
443 15
442 2
441 17
440 17
439 13
437 14
436 2
435 10
434 30
433 12
432 17
430 19
429 18
428 6
427 10
426 5
425 8
424 15
423 22
422 23
421 2
420 32
419 2
418 4
417 22
416 3
415 25
414 7
413 6
412 24
411 13
410 18
409 9
408 21
407 31
406 7
405 19
404 13
403 8
402 27
401 2
400 2
399 5
398 30
397 3
396 40
395 8
394 2
393 19
392 9
391 27
390 18
389 16
388 27
387 6
386 18
385 10
384 12
383 18
382 12
381 20
380 24
379 10
378 19
377 3
376 9
375 9
374 54
373 4
372 19
371 5
370 23
369 7
368 11
367 21
366 13
365 11
364 15
363 6
362 5
361 28
360 26
359 4
358 5
357 33
356 28
355 34
354 22
353 26
352 7
351 20
350 18
349 13
348 10
347 21
346 16
345 24
344 12
343 40
342 4
341 15
340 35
339 10
338 37
337 13
336 35
335 19
334 20
333 26
332 17
331 14
330 17
329 28
328 16
327 35
326 6
325 43
324 5
323 16
322 50
321 31
320 18
319 23
318 17
317 33
316 23
315 21
314 7
313 42
312 20
311 17
310 27
309 29
308 30
307 23
306 60
305 9
304 26
303 25
302 24
301 10
300 41
299 5
298 40
297 16
296 30
295 39
294 26
293 39
292 13
291 40
290 47
289 12
288 22
287 11
286 17
285 59
284 22
283 29
282 44
281 43
280 15
279 42
278 20
277 58
276 11
275 45
274 14
273 15
272 42
271 31
270 42
269 36
268 39
267 41
266 38
265 28
264 36
263 35
262 28
261 19
260 67
259 19
258 34
257 46
256 52
255 48
254 8
253 52
252 71
251 33
250 43
249 44
248 21
247 44
246 32
245 44
244 27
243 45
242 51
241 55
240 53
239 52
238 13
237 72
236 47
235 50
234 49
233 39
232 63
231 49
230 57
229 39
228 18
227 75
226 50
225 47
224 34
223 71
222 63
221 59
220 50
219 71
218 41
217 68
216 75
215 40
214 42
213 47
212 59
211 62
210 65
209 30
208 58
207 72
206 20
205 128
204 45
203 69
202 49
201 78
200 42
199 63
198 73
197 54
196 65
195 77
194 55
193 77
192 82
191 80
190 72
189 74
188 67
187 69
186 75
185 85
184 100
183 76
182 80
181 83
180 72
179 82
178 93
177 63
176 93
175 100
174 87
173 89
172 104
171 53
170 81
169 107
168 98
167 98
166 103
165 124
164 113
163 123
162 92
161 125
160 110
159 134
158 112
157 98
156 102
155 130
154 86
153 165
152 129
151 113
150 112
149 123
148 156
147 111
146 146
145 138
144 158
143 133
142 174
141 141
140 115
139 183
138 173
137 144
136 172
135 156
134 190
133 185
132 198
131 203
130 176
129 230
128 174
127 188
126 183
125 192
124 224
123 208
122 189
121 215
120 247
119 246
118 211
117 240
116 240
115 278
114 271
113 267
112 287
111 323
110 274
109 293
108 316
107 322
106 286
105 360
104 353
103 336
102 372
101 352
100 360
99 393
98 426
97 342
96 396
95 427
94 449
93 452
92 477
91 475
90 474
89 430
88 458
87 542
86 496
85 549
84 499
83 497
82 546
81 590
80 547
79 585
78 608
77 654
76 607
75 630
74 588
73 741
72 710
71 699
70 746
69 774
68 844
67 770
66 857
65 842
64 926
63 898
62 1009
61 994
60 970
59 1103
58 1153
57 1171
56 1221
55 1220
54 1335
53 1281
52 1414
51 1410
50 1487
49 1597
48 1601
47 1658
46 1859
45 1920
44 2000
43 2060
42 2187
41 2276
40 2374
39 2419
38 2641
37 2786
36 2880
35 3003
34 3373
33 3345
32 3524
31 3880
30 4029
29 4359
28 4673
27 5017
26 5379
25 5737
24 6170
23 6618
22 7276
21 7891
20 8581
19 9441
18 10618
17 11839
16 13360
15 15283
14 17583
13 20128
12 24059
11 28687
10 35829
9 45117
8 60617
7 79561
6 130592
5 188088
4 533414
3 770770
2 6531544
1 6182588
