<DoNotPublish>Distance = 1206 DPTableSize =4292206 </DoNotPublish>
14567 1
8644 1
8546 1
6805 1
6756 1
5639 1
4561 1
3643 1
3431 1
3391 1
3330 1
3257 1
2800 1
2775 1
2726 1
2571 1
2531 1
2352 1
2341 1
2202 1
2109 1
1958 1
1857 1
1828 1
1712 1
1459 1
1445 1
1442 1
1441 1
1368 1
1361 1
1343 1
1331 1
1287 1
1279 1
1271 1
1267 1
1252 1
1226 1
1175 1
1172 1
1163 1
1150 1
1142 1
1079 1
1075 1
1074 1
1059 1
1052 1
1030 1
1013 1
1011 1
991 1
985 1
984 1
967 1
945 1
941 1
926 1
924 1
918 1
908 1
900 1
898 1
895 1
880 1
879 1
872 1
871 1
861 1
858 1
850 1
844 1
838 1
837 1
833 2
824 1
821 1
818 1
806 1
805 1
800 1
792 3
791 1
780 1
779 1
777 1
770 1
750 1
747 1
743 1
739 1
726 1
722 1
718 2
716 1
710 1
703 2
701 1
697 1
696 1
688 1
687 1
685 2
683 1
681 1
678 1
676 2
672 1
663 1
660 1
659 1
643 1
639 1
637 1
634 1
632 1
628 1
626 1
622 3
620 1
614 1
608 1
604 1
600 2
593 1
587 1
584 1
583 1
577 1
571 1
568 1
567 3
562 1
559 1
554 1
553 1
549 1
540 1
539 1
538 1
537 1
532 1
529 1
523 2
518 2
512 1
510 1
509 1
508 1
502 1
500 1
499 1
497 2
496 1
495 1
488 2
484 3
482 1
479 1
478 1
477 2
476 1
475 1
466 1
464 1
462 1
460 1
459 1
457 1
455 1
454 3
452 2
451 2
450 1
449 1
441 1
439 3
438 1
432 1
429 1
426 1
424 1
421 1
419 3
416 2
415 2
412 1
411 1
410 3
407 3
405 4
402 1
397 2
395 1
393 3
391 2
390 3
389 1
386 2
385 1
382 1
378 1
377 2
373 1
372 1
370 2
366 1
364 4
363 1
360 2
355 5
354 1
350 1
349 1
344 2
343 3
341 3
340 3
336 4
335 4
331 1
330 1
329 1
328 5
327 1
326 1
324 1
320 5
319 2
318 1
315 1
314 1
313 2
309 4
308 1
306 2
305 6
303 3
300 2
299 4
295 3
294 1
292 5
291 1
290 2
289 2
288 1
285 2
282 6
281 1
280 1
278 2
277 1
274 4
272 3
271 4
270 1
269 3
268 1
267 3
266 1
264 1
262 1
261 3
260 6
258 2
257 1
256 7
255 5
252 10
251 7
249 3
247 6
246 2
245 1
244 5
242 10
241 1
239 2
237 1
236 2
235 2
234 2
233 6
232 4
231 7
229 1
228 2
227 4
224 3
223 2
222 4
221 1
220 6
219 4
218 6
217 2
215 7
214 3
213 5
212 3
211 5
210 9
209 3
208 4
207 10
205 2
204 1
203 4
202 3
201 2
200 1
199 1
198 2
197 10
196 3
195 4
194 9
193 4
192 8
190 6
189 8
188 5
187 7
186 1
185 8
184 6
183 4
182 10
181 4
180 4
179 1
178 12
177 5
176 1
175 1
174 2
173 9
172 9
171 4
170 16
169 15
168 1
167 12
166 8
165 4
164 2
163 14
162 7
161 3
160 12
159 11
158 8
157 17
155 1
154 23
153 8
152 13
151 1
150 6
149 23
148 3
147 13
146 16
145 2
144 5
143 3
142 21
141 7
140 8
139 3
138 12
136 3
135 9
134 31
133 5
132 1
131 11
130 26
129 10
128 2
127 19
126 21
125 4
124 8
123 19
122 8
121 14
120 17
119 11
118 16
117 9
116 5
115 16
114 15
113 5
112 28
111 7
110 23
109 25
108 17
107 15
106 21
105 19
104 17
103 1
102 32
101 37
100 13
99 31
98 53
97 5
96 11
95 29
94 15
93 33
92 20
91 33
90 25
89 39
88 27
87 14
86 33
85 31
84 31
83 40
82 52
81 11
80 42
79 38
78 30
77 35
76 51
75 25
74 49
73 46
72 72
71 18
70 34
69 68
68 66
67 46
66 60
65 91
64 14
63 32
62 118
61 19
60 99
59 87
58 71
57 89
56 74
55 85
54 87
53 96
52 90
51 114
50 88
49 140
48 67
47 124
46 123
45 142
44 148
43 128
42 137
41 212
40 167
39 160
38 236
37 178
36 245
35 265
34 233
33 246
32 301
31 299
30 329
29 380
28 397
27 430
26 476
25 544
24 538
23 637
22 719
21 716
20 873
19 934
18 1051
17 1272
16 1436
15 1713
14 1914
13 2338
12 3000
11 3449
10 4581
9 5592
8 8273
7 10882
6 20719
5 27659
4 105684
3 133698
2 1887187
1 1579034
