<DoNotPublish>Distance = 492 DPTableSize =1533145 </DoNotPublish>
3311 1
2631 1
1503 1
1106 1
1091 1
938 1
908 1
795 1
785 1
777 1
749 1
733 1
635 1
582 1
561 1
545 2
534 1
527 1
515 1
511 1
501 1
500 1
474 1
439 1
436 1
420 1
413 1
396 1
386 1
384 1
380 1
369 1
367 1
351 1
344 1
340 2
324 1
319 1
309 1
307 1
299 3
297 1
296 1
294 1
289 2
285 2
281 1
277 1
273 1
268 1
263 1
262 1
257 1
249 2
248 1
238 2
234 2
229 3
228 1
226 1
225 1
220 2
218 2
213 2
212 1
211 2
206 1
203 2
202 2
200 3
199 1
198 1
194 2
191 2
187 2
186 1
178 2
174 3
173 1
172 3
171 4
168 1
166 1
164 1
162 4
161 1
160 2
159 3
157 2
155 2
152 2
151 1
150 1
148 1
147 3
146 4
145 2
142 1
141 2
140 3
137 1
136 7
135 4
134 3
132 4
127 4
126 2
124 2
123 4
122 3
121 2
118 4
117 2
116 3
115 2
114 3
113 1
112 2
110 8
109 5
108 1
107 2
106 3
105 2
103 7
102 5
100 1
99 5
98 6
97 1
96 5
95 7
94 4
93 1
92 2
91 2
90 14
89 8
88 3
87 2
86 1
85 3
83 18
82 1
81 2
80 2
79 16
78 1
76 9
74 12
73 11
72 3
71 9
70 13
69 5
68 12
67 5
66 4
65 6
64 30
63 9
62 6
61 2
60 31
59 7
58 7
57 25
56 6
55 12
54 7
53 19
52 8
51 20
50 6
49 34
48 5
47 18
46 21
45 27
44 24
43 35
42 13
41 40
40 7
39 44
38 42
37 25
36 32
35 55
34 36
33 47
32 50
31 65
30 29
29 81
28 59
27 45
26 108
25 59
24 106
23 121
22 104
21 129
20 175
19 184
18 191
17 237
16 259
15 334
14 358
13 413
12 534
11 631
10 919
9 1098
8 1807
7 2158
6 5024
5 5954
4 29447
3 33743
2 648925
1 508217
