<DoNotPublish>Distance = 5517 DPTableSize =22052237 </DoNotPublish>
1135935 1
85530 2
51967 1
51865 1
49234 1
41452 1
34452 1
32887 1
32283 1
30959 1
25791 1
25098 1
24387 1
23585 1
23440 1
23238 1
22954 1
22686 1
22174 1
22096 1
21454 1
21325 1
21301 1
20931 1
20879 1
20724 1
20640 1
20498 1
20331 1
20268 1
20187 1
20097 1
20038 1
19834 1
19813 1
19414 1
19174 1
19010 1
18571 1
18566 1
18539 1
18462 1
18454 1
18374 1
17858 1
17690 1
17532 1
17419 1
17376 1
17344 1
16878 1
16739 1
16611 1
16539 1
16510 1
16385 1
16258 1
16147 1
16120 1
16119 1
16082 1
16044 1
15814 1
15657 1
15577 1
15484 1
15445 1
15418 1
15335 1
15265 1
15216 1
15071 1
14823 1
14229 1
14153 1
14031 1
13981 1
13832 1
13645 1
13640 1
13475 1
13474 1
13189 1
13121 1
12929 1
12888 1
12887 1
12884 1
12680 1
12662 1
12654 1
12619 1
12487 1
12476 1
12254 1
12194 1
12153 1
11992 1
11919 1
11902 1
11856 1
11851 1
11811 1
11780 1
11777 1
11751 1
11642 1
11455 1
11398 1
11269 1
11220 1
11074 1
10992 1
10977 1
10902 1
10795 1
10755 1
10445 1
10407 1
10290 1
10264 1
10249 1
10154 1
10144 1
10019 1
10004 1
9931 1
9905 1
9848 1
9844 1
9718 1
9699 1
9612 1
9482 1
9298 1
9287 1
9278 1
9159 1
9149 1
9099 1
9081 1
9068 1
8998 1
8901 1
8890 1
8863 1
8854 1
8843 1
8840 2
8719 1
8714 1
8685 1
8643 1
8601 1
8567 1
8546 1
8398 1
8394 1
8388 1
8322 1
8315 1
8286 1
8257 1
8247 1
8244 1
8241 1
8231 1
8194 1
8182 1
8166 1
8144 1
8093 1
8084 1
8055 2
8014 1
7948 1
7905 1
7904 1
7886 2
7860 1
7850 1
7830 1
7796 1
7782 1
7709 1
7693 1
7672 1
7658 1
7640 1
7633 1
7616 1
7612 1
7603 1
7594 1
7525 1
7509 1
7426 1
7396 1
7324 1
7321 1
7239 2
7195 1
7173 1
7148 1
7129 1
7118 1
7094 1
7083 1
7077 1
7002 1
6956 1
6935 1
6895 1
6867 1
6789 1
6785 1
6729 1
6728 1
6720 1
6701 1
6637 1
6624 1
6587 1
6550 1
6535 1
6527 1
6485 1
6412 1
6407 1
6392 1
6353 1
6331 1
6312 1
6287 1
6285 1
6247 1
6227 1
6180 1
6146 1
6142 1
6090 1
6087 1
6076 1
6055 1
6045 1
6010 1
5993 1
5985 1
5877 1
5838 1
5837 1
5825 1
5824 1
5792 1
5788 1
5769 1
5766 1
5726 1
5717 1
5705 1
5700 1
5699 1
5692 1
5682 1
5668 1
5666 1
5659 2
5657 1
5639 1
5629 1
5626 1
5603 1
5597 1
5551 1
5537 1
5531 1
5527 1
5502 1
5493 1
5489 1
5478 1
5456 1
5451 1
5446 1
5443 1
5428 1
5418 1
5404 1
5394 1
5391 1
5373 1
5371 1
5361 1
5335 1
5313 1
5309 1
5303 1
5284 1
5269 1
5250 1
5228 1
5223 1
5219 1
5206 1
5194 1
5178 1
5164 3
5159 1
5156 1
5153 1
5147 1
5144 1
5135 1
5130 1
5123 1
5122 1
5119 1
5095 1
5086 1
5080 1
5072 1
5066 1
5052 1
5051 1
5044 1
5025 1
4997 1
4951 1
4941 1
4939 1
4918 1
4913 1
4901 1
4900 1
4889 1
4864 1
4853 1
4851 1
4827 1
4825 2
4797 1
4796 1
4793 1
4788 1
4783 1
4770 1
4751 1
4749 1
4744 1
4741 1
4731 1
4718 1
4705 1
4700 1
4699 1
4645 1
4634 1
4630 1
4624 1
4616 1
4612 1
4581 1
4561 2
4548 1
4546 1
4539 1
4525 1
4522 1
4514 1
4511 1
4488 1
4456 2
4435 1
4433 1
4425 1
4403 1
4402 1
4385 1
4382 1
4380 1
4372 1
4364 1
4344 1
4333 1
4322 1
4320 1
4299 1
4291 1
4280 1
4261 1
4254 1
4241 1
4238 1
4223 1
4199 1
4194 1
4190 1
4189 1
4184 1
4173 2
4172 1
4168 1
4167 1
4165 1
4159 1
4158 1
4156 1
4153 1
4139 1
4136 1
4134 1
4129 1
4118 1
4117 1
4112 1
4106 1
4100 2
4097 2
4094 1
4090 1
4081 1
4072 1
4069 1
4066 1
4063 1
4058 1
4051 1
4036 1
4016 1
4009 1
3993 1
3988 1
3979 1
3969 1
3967 1
3963 1
3927 1
3920 1
3917 1
3910 3
3901 1
3900 1
3896 1
3894 1
3890 1
3884 1
3868 1
3865 1
3859 1
3858 1
3851 1
3842 1
3838 1
3837 2
3835 1
3825 1
3817 1
3813 1
3791 1
3788 1
3780 1
3779 1
3773 1
3771 1
3765 1
3763 1
3757 2
3742 1
3741 1
3735 1
3731 2
3727 1
3719 1
3714 1
3713 1
3712 1
3699 1
3695 1
3693 1
3691 1
3684 1
3679 1
3675 1
3672 1
3667 1
3666 1
3665 2
3660 1
3656 1
3654 1
3645 1
3638 1
3636 1
3632 2
3619 1
3616 2
3609 1
3607 1
3605 1
3586 1
3574 1
3566 2
3563 1
3555 1
3554 1
3542 1
3541 1
3537 1
3529 1
3528 1
3514 1
3508 1
3502 1
3500 1
3497 1
3483 1
3467 1
3465 1
3464 2
3454 2
3433 1
3430 1
3425 2
3421 1
3410 1
3406 1
3400 1
3391 1
3384 1
3377 1
3371 2
3369 1
3367 1
3358 2
3356 1
3344 1
3342 1
3338 1
3326 2
3315 1
3308 1
3304 1
3298 1
3292 1
3288 1
3284 1
3283 1
3277 1
3272 1
3271 1
3269 1
3264 1
3262 1
3258 1
3257 1
3251 1
3244 1
3242 1
3235 1
3229 1
3224 1
3215 1
3213 1
3207 1
3199 2
3193 1
3190 1
3189 1
3174 1
3171 2
3163 1
3158 2
3156 3
3154 1
3152 1
3150 1
3149 3
3139 1
3130 1
3119 1
3109 2
3102 1
3099 1
3094 1
3092 1
3090 1
3088 1
3086 1
3083 1
3082 1
3081 1
3079 1
3075 1
3067 1
3052 1
3051 1
3047 1
3041 1
3038 1
3032 1
3030 1
3026 1
3025 1
3023 1
3019 1
3011 1
2999 1
2985 1
2983 1
2982 1
2968 2
2966 1
2964 2
2963 1
2955 1
2951 1
2944 2
2941 1
2939 1
2938 1
2937 2
2929 1
2920 1
2906 1
2905 1
2904 1
2901 2
2889 1
2882 1
2881 1
2880 1
2877 1
2876 1
2873 1
2860 2
2849 1
2846 1
2845 1
2843 3
2836 1
2826 3
2825 1
2809 2
2807 1
2805 1
2803 1
2802 2
2798 1
2797 1
2796 1
2794 1
2788 1
2784 1
2780 1
2772 1
2770 2
2766 2
2763 1
2761 1
2758 1
2757 1
2755 2
2753 1
2751 1
2746 2
2744 1
2738 2
2734 1
2731 1
2730 2
2726 1
2723 1
2717 1
2713 1
2709 4
2706 2
2705 1
2695 1
2691 1
2690 1
2688 1
2680 1
2678 2
2676 2
2673 1
2670 1
2668 2
2663 1
2659 2
2655 2
2649 1
2646 1
2639 1
2638 1
2630 1
2629 1
2625 1
2624 1
2614 2
2606 1
2600 1
2597 1
2595 4
2594 2
2587 1
2582 1
2576 2
2575 1
2567 1
2566 1
2561 1
2556 1
2553 1
2552 1
2549 1
2548 2
2545 3
2543 1
2542 1
2541 1
2539 1
2536 1
2534 2
2531 3
2522 2
2520 1
2515 1
2514 2
2513 1
2511 1
2508 3
2505 2
2501 2
2500 1
2497 2
2487 2
2483 1
2476 3
2473 4
2472 1
2471 1
2469 1
2468 1
2461 1
2460 2
2459 1
2458 1
2456 1
2455 1
2453 1
2452 3
2446 1
2444 1
2438 1
2436 1
2435 1
2429 1
2428 1
2427 2
2424 2
2423 3
2417 1
2414 1
2408 2
2406 1
2402 1
2399 1
2398 1
2397 1
2395 2
2392 1
2389 1
2388 1
2385 1
2379 1
2378 1
2377 3
2376 1
2366 2
2359 1
2352 1
2351 1
2349 1
2348 1
2345 2
2343 1
2336 1
2335 1
2333 1
2331 2
2328 1
2327 1
2326 1
2324 2
2321 1
2320 1
2317 1
2311 1
2309 1
2307 1
2300 1
2298 1
2296 2
2285 2
2279 2
2278 1
2277 1
2276 1
2275 3
2274 1
2269 1
2265 2
2264 1
2262 1
2261 1
2258 1
2255 2
2252 2
2247 1
2243 4
2241 2
2240 1
2237 2
2233 1
2232 1
2223 1
2222 1
2220 2
2219 1
2216 1
2211 1
2209 1
2205 1
2204 2
2202 1
2198 1
2196 1
2186 2
2185 2
2170 1
2169 2
2162 1
2161 1
2158 1
2156 1
2152 1
2147 2
2141 1
2140 1
2139 1
2134 2
2133 2
2131 1
2130 1
2129 1
2125 2
2120 1
2118 4
2114 2
2113 1
2110 1
2108 1
2107 1
2105 4
2103 2
2098 1
2096 1
2089 1
2086 1
2085 1
2083 2
2082 1
2078 1
2073 1
2069 3
2068 1
2064 2
2061 1
2060 1
2059 1
2058 2
2054 1
2053 2
2051 1
2049 2
2046 1
2044 1
2040 1
2037 3
2031 2
2030 3
2024 1
2023 1
2021 2
2020 1
2019 1
2011 1
2010 1
2008 1
2007 1
2004 1
2000 1
1997 4
1994 1
1991 1
1989 1
1984 2
1980 2
1977 1
1976 1
1973 1
1971 1
1970 1
1968 2
1966 2
1963 1
1959 1
1958 1
1957 2
1956 1
1954 2
1953 1
1950 1
1949 1
1948 1
1946 1
1942 2
1939 1
1937 1
1936 1
1933 2
1931 1
1928 1
1927 1
1926 1
1925 1
1924 1
1923 3
1921 1
1918 2
1917 1
1916 2
1914 1
1913 2
1908 2
1907 1
1904 2
1900 4
1894 1
1893 5
1887 1
1886 1
1883 2
1881 1
1879 1
1878 2
1875 1
1874 1
1873 2
1871 3
1870 1
1866 1
1865 2
1864 1
1863 1
1861 1
1860 1
1859 1
1857 1
1851 1
1850 1
1847 4
1845 1
1840 1
1839 1
1832 3
1831 3
1826 1
1825 1
1823 1
1821 3
1817 1
1815 2
1810 2
1809 1
1805 1
1804 1
1798 1
1797 1
1796 2
1794 2
1792 1
1791 2
1789 2
1788 3
1786 1
1785 2
1784 1
1778 1
1775 1
1772 1
1771 3
1770 1
1769 2
1768 1
1767 1
1766 1
1764 2
1762 1
1761 1
1760 2
1759 1
1758 1
1754 2
1753 1
1749 1
1748 2
1746 1
1742 1
1739 2
1738 1
1737 1
1735 1
1733 1
1731 2
1730 3
1729 3
1728 1
1727 1
1725 3
1724 1
1719 1
1718 2
1717 1
1715 1
1713 1
1712 2
1708 3
1706 1
1705 1
1704 2
1703 1
1700 1
1697 2
1695 1
1694 1
1693 1
1692 1
1690 1
1689 1
1687 1
1684 2
1683 1
1680 2
1679 2
1678 1
1677 1
1676 1
1671 1
1670 3
1664 2
1662 3
1657 1
1654 3
1653 2
1652 1
1651 5
1649 1
1646 2
1644 1
1643 1
1642 1
1640 3
1638 1
1634 2
1631 2
1629 1
1628 2
1626 1
1625 2
1621 1
1620 1
1619 2
1618 1
1617 1
1615 4
1613 2
1612 1
1611 2
1609 1
1607 1
1604 1
1602 1
1600 5
1599 1
1596 1
1595 2
1594 3
1593 1
1592 1
1591 3
1590 1
1589 3
1588 2
1587 1
1585 1
1582 1
1581 1
1580 1
1578 1
1577 1
1574 3
1572 1
1567 4
1566 1
1565 1
1564 1
1562 2
1560 1
1559 3
1557 2
1556 2
1550 1
1548 1
1546 2
1545 1
1544 1
1543 2
1541 1
1539 1
1537 1
1533 3
1532 1
1531 2
1530 2
1527 1
1526 2
1525 1
1522 3
1521 1
1519 1
1518 4
1517 2
1516 3
1515 1
1513 3
1512 1
1510 1
1505 1
1504 2
1503 7
1502 3
1497 1
1496 1
1494 2
1493 2
1492 3
1490 1
1489 1
1487 1
1485 1
1484 2
1482 2
1481 1
1480 1
1479 2
1478 5
1475 2
1473 1
1472 1
1471 1
1470 1
1469 2
1467 2
1465 4
1464 1
1461 2
1460 1
1458 1
1456 1
1454 2
1452 2
1451 1
1450 1
1449 4
1448 2
1447 2
1445 2
1444 1
1442 2
1440 3
1439 1
1438 4
1437 1
1436 6
1433 1
1430 2
1427 2
1426 1
1424 1
1423 1
1421 3
1420 4
1419 1
1417 1
1416 3
1415 2
1414 1
1411 3
1410 1
1409 4
1408 1
1406 5
1405 1
1404 1
1403 3
1402 4
1400 1
1399 1
1398 1
1397 2
1396 1
1395 1
1394 1
1391 2
1389 1
1388 4
1384 2
1383 3
1380 5
1379 2
1377 1
1374 6
1373 1
1372 2
1370 1
1369 2
1368 1
1365 2
1363 4
1360 3
1359 1
1358 2
1355 3
1354 1
1351 1
1350 4
1348 2
1347 2
1346 2
1343 3
1342 1
1341 1
1340 1
1338 2
1337 3
1336 1
1335 2
1334 2
1333 1
1331 2
1330 1
1329 3
1327 3
1325 5
1324 1
1323 1
1322 1
1319 3
1318 1
1317 1
1316 2
1315 1
1311 2
1309 3
1308 1
1307 1
1303 1
1302 1
1301 1
1300 6
1299 1
1298 1
1297 1
1293 3
1292 1
1290 3
1288 2
1286 1
1285 1
1283 1
1282 3
1281 1
1279 2
1278 1
1274 1
1273 4
1271 1
1267 3
1265 4
1264 2
1263 4
1261 1
1260 7
1258 3
1257 1
1256 4
1254 1
1250 7
1247 3
1246 1
1242 2
1241 2
1239 2
1237 5
1236 4
1235 2
1234 1
1233 3
1232 1
1230 1
1228 1
1227 1
1226 3
1225 1
1224 2
1221 4
1219 3
1218 2
1217 2
1216 10
1213 2
1210 4
1209 1
1208 3
1205 3
1202 1
1201 1
1200 1
1199 1
1197 2
1196 3
1194 4
1193 1
1191 3
1189 5
1188 3
1187 1
1185 2
1182 1
1179 1
1176 5
1175 2
1172 2
1171 3
1168 4
1166 2
1165 3
1164 1
1163 1
1162 1
1161 2
1159 2
1158 2
1157 2
1156 1
1155 3
1154 2
1153 2
1152 4
1151 2
1148 1
1147 1
1146 5
1145 3
1140 1
1139 2
1138 3
1137 1
1135 1
1134 3
1133 2
1132 7
1129 1
1128 2
1127 3
1125 2
1124 3
1122 1
1120 4
1119 5
1116 2
1114 8
1113 1
1112 1
1111 1
1110 4
1109 9
1108 2
1107 1
1106 3
1105 1
1104 1
1101 2
1100 1
1098 4
1097 3
1094 1
1093 2
1092 3
1090 1
1087 1
1086 6
1083 4
1081 1
1079 4
1078 1
1077 5
1076 1
1074 7
1073 5
1072 1
1070 3
1068 2
1067 4
1066 2
1065 5
1063 4
1061 7
1057 5
1056 1
1053 5
1050 1
1048 2
1046 2
1045 6
1044 2
1043 2
1041 3
1039 4
1038 1
1036 5
1033 2
1032 2
1031 1
1030 6
1029 1
1028 4
1027 1
1026 1
1025 3
1023 2
1022 2
1021 6
1019 2
1018 1
1017 3
1016 3
1015 2
1014 1
1012 2
1010 1
1008 7
1006 5
1005 3
1004 1
1003 3
1002 2
1000 1
999 2
997 8
994 1
993 2
992 5
990 4
989 2
987 6
985 1
983 6
981 2
980 6
979 3
976 4
974 2
973 1
972 3
971 1
970 6
967 1
965 5
964 4
963 1
962 1
961 2
960 1
958 4
957 5
955 3
953 3
952 2
951 1
950 4
949 1
948 2
947 3
946 3
945 3
944 8
943 1
942 1
941 11
940 2
937 6
936 4
932 3
931 4
930 7
929 2
927 2
926 2
925 6
924 1
923 4
919 9
918 4
916 3
915 3
912 6
911 1
910 1
908 2
907 2
906 9
905 7
904 1
903 1
901 4
900 5
898 3
896 2
895 4
894 4
893 8
892 3
891 2
889 7
888 4
886 1
885 4
884 1
883 1
881 6
880 8
877 2
874 5
873 3
871 3
870 1
868 15
867 3
866 4
865 7
864 1
862 1
861 8
860 1
857 4
856 6
855 1
854 2
853 3
851 3
848 3
847 1
846 5
845 3
844 1
842 8
841 5
840 1
838 4
837 4
836 4
835 3
833 7
832 7
831 4
830 2
829 4
828 7
827 4
826 2
825 3
824 6
823 1
821 3
820 9
819 4
816 1
815 6
814 2
813 1
812 1
811 4
810 1
809 3
807 8
806 4
805 1
804 5
803 7
802 3
801 1
800 6
799 6
798 1
797 3
796 4
795 1
794 6
793 11
792 4
791 2
789 3
788 1
787 10
786 6
784 4
783 4
782 1
781 1
780 8
779 6
778 3
777 2
776 2
775 2
774 6
772 14
771 2
770 1
769 8
768 3
767 2
765 19
763 5
762 2
761 4
760 1
759 7
758 7
757 5
756 3
755 3
754 1
753 1
752 2
751 2
749 8
748 1
747 4
746 2
745 4
744 8
743 4
742 6
741 1
740 2
739 6
738 9
737 3
736 1
735 2
734 5
733 9
732 4
730 5
729 11
728 1
726 2
725 5
724 6
723 7
722 3
720 8
719 2
718 1
717 6
716 7
715 6
713 11
712 8
711 2
710 10
709 4
708 1
707 7
705 1
704 13
703 1
702 4
700 6
699 1
698 1
696 16
695 2
694 6
693 11
692 5
691 5
690 2
689 2
688 1
687 1
686 7
685 2
683 9
682 7
681 3
680 12
679 4
678 7
677 2
676 7
675 10
673 1
672 8
671 1
670 6
668 2
667 4
666 4
665 6
664 1
663 4
662 3
661 3
660 13
659 9
658 3
657 1
656 8
655 6
654 8
653 1
652 5
651 4
650 13
649 6
648 5
647 2
646 8
645 3
644 1
643 3
642 3
641 6
640 9
639 7
638 1
637 12
636 6
635 3
634 5
633 9
632 2
631 1
630 1
629 20
628 4
627 1
626 6
625 7
624 9
623 1
622 4
621 2
620 5
619 9
617 1
616 13
614 17
612 7
611 8
610 7
609 1
608 3
607 11
606 2
605 3
604 6
603 9
602 10
601 13
600 5
599 1
598 4
597 8
596 8
595 4
594 2
593 14
592 6
591 1
590 1
589 7
588 20
587 2
586 1
585 3
584 1
583 11
582 6
581 4
580 4
579 8
578 7
577 14
575 8
574 3
573 6
572 4
571 15
569 15
567 1
566 18
565 3
564 2
563 9
562 1
561 13
560 1
559 24
558 1
557 1
556 12
555 6
554 2
553 14
552 7
551 2
550 2
549 5
548 15
547 4
546 9
545 2
544 10
542 15
541 1
540 7
539 4
538 12
537 9
536 11
535 3
534 1
533 10
532 5
531 23
530 4
529 18
528 6
527 4
526 14
525 4
523 2
522 19
521 10
520 2
519 3
518 7
517 4
515 17
514 20
513 8
512 4
511 13
510 5
509 1
508 26
507 4
506 4
505 11
504 16
503 1
502 8
500 34
499 1
498 12
497 8
496 2
495 11
494 12
493 16
492 9
491 15
490 5
489 6
488 18
487 2
486 10
485 14
484 6
483 3
482 6
481 19
480 5
479 5
478 10
477 25
476 5
475 3
474 9
473 6
472 9
471 4
470 22
469 8
468 5
467 1
466 1
465 12
464 25
463 7
462 12
461 8
460 2
459 9
458 4
457 26
456 4
455 12
454 4
453 8
452 2
451 11
450 20
449 5
448 4
447 3
446 16
445 16
444 20
443 14
442 8
441 6
440 5
439 22
438 1
437 4
436 12
435 5
434 23
433 1
432 20
431 7
430 14
429 18
428 12
427 10
426 10
425 18
424 7
423 22
422 19
421 14
420 2
419 26
418 4
417 4
416 26
415 19
414 3
413 11
411 23
410 3
409 14
408 15
407 16
406 10
405 8
404 28
403 13
402 3
401 36
400 2
399 10
398 15
397 6
396 26
395 16
394 6
393 18
392 24
391 13
390 3
389 30
388 6
387 4
386 28
385 7
384 3
383 24
382 8
381 14
380 5
379 17
378 24
377 3
376 26
375 26
374 18
373 9
372 16
371 11
370 26
369 17
368 29
367 7
366 13
365 6
364 16
363 3
362 16
361 14
360 20
359 8
358 38
357 25
356 16
355 12
354 16
353 4
352 41
351 2
350 40
349 4
348 23
347 14
346 16
345 21
343 37
342 19
341 19
340 5
339 13
338 21
337 14
336 22
335 6
334 25
333 9
332 27
331 30
330 11
329 12
328 18
327 15
326 45
325 26
324 7
323 23
322 23
321 14
320 39
319 32
318 2
317 30
316 18
315 21
314 20
313 20
312 45
311 30
309 18
308 40
307 6
306 20
305 36
304 32
303 18
302 48
301 9
300 7
299 32
298 18
297 25
296 29
295 25
294 27
293 31
292 8
291 30
290 21
289 17
288 46
287 26
286 30
285 24
284 28
283 32
282 22
281 39
280 27
279 36
278 45
277 2
276 46
275 45
274 41
273 26
272 11
271 44
270 13
269 25
268 24
267 7
266 66
265 39
264 7
263 35
262 28
261 60
260 7
259 33
258 65
257 13
256 23
255 27
254 37
253 32
252 12
251 76
250 26
249 33
248 31
247 36
246 55
245 37
244 42
243 44
242 38
241 4
240 57
239 60
238 38
237 26
236 37
235 54
234 33
233 24
232 65
231 63
230 22
229 49
228 34
227 59
226 65
225 56
224 53
223 33
222 49
221 61
220 49
219 9
218 52
217 66
216 59
215 48
214 37
213 58
212 38
211 47
210 42
209 76
208 39
207 72
206 78
205 51
204 45
203 95
202 43
201 52
200 43
199 78
198 70
197 60
196 72
195 99
194 63
193 98
192 50
191 74
190 79
189 84
188 86
187 93
186 67
185 63
184 105
183 98
182 93
181 88
180 66
179 108
178 118
177 97
176 98
175 85
174 80
173 154
172 121
171 84
170 139
169 105
168 128
167 131
166 168
165 124
164 118
163 125
162 139
161 126
160 151
159 132
158 140
157 178
156 143
155 128
154 173
153 126
152 177
151 176
150 148
149 202
148 163
147 166
146 180
145 204
144 176
143 182
142 162
141 222
140 187
139 215
138 197
137 212
136 233
135 211
134 217
133 223
132 294
131 201
130 249
129 283
128 253
127 253
126 231
125 294
124 302
123 280
122 270
121 305
120 299
119 316
118 248
117 279
116 339
115 324
114 285
113 326
112 349
111 319
110 316
109 352
108 346
107 347
106 369
105 399
104 338
103 402
102 368
101 386
100 400
99 361
98 454
97 412
96 413
95 476
94 427
93 509
92 415
91 425
90 488
89 476
88 476
87 517
86 544
85 512
84 563
83 640
82 567
81 581
80 623
79 613
78 611
77 661
76 616
75 674
74 739
73 716
72 713
71 793
70 747
69 839
68 841
67 827
66 826
65 882
64 843
63 957
62 938
61 957
60 933
59 1012
58 1050
57 1076
56 1070
55 1135
54 1151
53 1152
52 1270
51 1300
50 1317
49 1361
48 1394
47 1509
46 1540
45 1632
44 1602
43 1700
42 1815
41 1798
40 1925
39 2124
38 2245
37 2292
36 2435
35 2604
34 2745
33 2854
32 3045
31 3264
30 3481
29 3549
28 3897
27 4371
26 4464
25 4934
24 5445
23 5801
22 6522
21 6925
20 7814
19 8406
18 9472
17 10503
16 11825
15 13471
14 15358
13 17543
12 20872
11 24423
10 29831
9 37479
8 49278
7 64934
6 98884
5 136719
4 291076
3 399528
2 2028606
1 1985986
