<DoNotPublish>Distance = 1999 DPTableSize =8252651 </DoNotPublish>
30925 1
22899 1
20379 1
9444 1
8810 1
8460 1
7799 1
7070 1
6746 1
6588 1
6328 1
6027 1
5708 1
5172 1
4950 1
4929 1
4789 1
4710 1
4608 1
4508 1
4416 1
4402 1
4372 1
4327 1
4252 1
4233 1
4120 1
4077 1
3832 1
3778 1
3747 1
3713 1
3628 1
3469 1
3456 1
3443 1
3360 1
3353 1
3308 1
3166 1
3103 1
3100 1
3096 1
3009 1
2927 1
2898 1
2893 1
2874 1
2860 1
2845 1
2804 1
2774 1
2750 1
2739 1
2732 1
2591 1
2562 1
2531 1
2527 1
2515 1
2509 1
2500 1
2482 1
2409 1
2381 1
2376 1
2351 2
2331 1
2279 1
2264 1
2235 1
2229 2
2217 1
2215 1
2191 1
2160 1
2126 1
2110 1
2091 1
2082 1
2060 1
2058 1
2051 1
2048 1
2024 1
2012 1
1997 1
1994 1
1969 1
1965 1
1948 1
1941 1
1915 1
1890 1
1889 1
1870 1
1857 1
1855 1
1852 1
1834 1
1825 1
1804 1
1799 1
1797 1
1786 1
1779 1
1775 1
1738 1
1714 1
1679 1
1673 1
1657 1
1636 1
1619 1
1595 1
1583 1
1575 1
1573 1
1567 1
1562 1
1554 1
1550 1
1548 1
1534 1
1524 1
1523 1
1518 1
1512 1
1511 1
1507 1
1505 1
1502 2
1496 1
1492 1
1487 1
1481 1
1477 1
1475 1
1474 1
1468 1
1458 1
1453 1
1445 1
1440 1
1432 1
1422 1
1419 2
1418 1
1398 1
1389 1
1373 1
1372 1
1370 1
1366 1
1365 1
1350 1
1349 1
1326 1
1321 1
1320 1
1301 1
1277 2
1270 1
1269 1
1265 1
1260 1
1254 1
1250 1
1241 1
1213 2
1211 1
1208 1
1200 1
1191 1
1189 1
1177 1
1163 1
1157 1
1143 1
1135 1
1133 1
1131 3
1121 1
1119 2
1115 1
1114 1
1113 1
1109 1
1104 1
1100 1
1099 1
1094 1
1090 1
1089 1
1085 1
1084 1
1079 1
1077 1
1070 3
1064 1
1059 1
1058 1
1046 1
1041 1
1039 1
1037 1
1036 2
1034 1
1031 2
1019 1
1017 2
1011 1
1009 1
1008 1
1007 1
1003 1
984 2
982 1
980 2
974 2
972 1
971 1
964 1
960 1
958 2
955 1
954 1
950 1
947 1
946 1
935 1
933 1
929 1
927 1
926 3
924 1
923 2
920 1
911 1
909 1
908 2
906 1
903 1
902 1
901 1
898 2
894 1
893 1
886 1
885 2
883 2
879 2
876 1
874 1
873 1
872 1
871 1
865 2
864 1
863 2
859 1
855 2
854 1
852 1
848 3
847 1
846 1
845 2
844 1
841 1
838 3
837 1
835 1
832 1
831 1
828 1
824 3
822 1
817 1
814 1
811 1
807 1
806 1
804 2
799 1
798 1
796 1
790 1
787 1
785 1
780 1
777 1
775 1
774 1
770 2
760 1
757 1
752 2
751 1
747 4
746 1
745 1
743 3
742 1
735 1
732 1
731 1
730 1
727 1
725 1
724 1
723 1
720 1
719 1
714 2
713 1
711 3
709 1
707 5
705 3
700 1
699 2
697 1
695 1
692 3
690 2
689 2
688 1
686 1
682 1
681 2
680 1
676 1
675 1
672 4
668 7
666 2
664 1
663 1
659 5
658 1
656 2
650 3
648 2
646 2
645 1
642 4
641 1
635 2
634 1
632 3
630 1
628 5
626 1
623 1
619 2
616 1
615 1
612 5
611 1
608 2
607 3
605 2
604 5
602 3
601 1
598 4
596 1
595 2
593 3
592 2
591 3
590 1
589 2
586 4
584 3
583 3
582 1
581 6
579 2
576 1
575 5
570 1
569 1
568 1
567 1
563 1
562 2
561 5
560 4
554 7
553 1
552 2
550 1
548 2
546 3
545 1
543 1
540 2
538 2
537 2
535 4
534 3
531 1
530 5
529 2
528 4
527 1
525 4
524 1
523 2
522 3
521 1
519 3
518 5
516 1
515 2
514 4
513 2
510 1
509 1
508 2
507 2
505 8
503 3
499 1
498 4
496 4
494 1
493 3
490 3
489 3
488 2
487 2
484 1
482 2
479 2
478 4
477 2
476 2
475 2
474 3
472 3
471 2
469 8
468 2
467 7
466 1
464 3
463 1
461 1
460 5
459 1
456 3
455 3
454 2
453 1
452 3
451 2
450 5
449 1
448 3
446 1
445 6
444 1
443 3
442 1
441 2
440 4
439 4
438 2
437 2
436 1
435 3
434 1
432 6
431 2
430 6
429 2
427 4
426 4
425 4
423 1
422 4
419 5
418 1
417 4
416 5
414 4
410 1
409 8
408 5
407 5
406 2
405 2
402 8
401 1
400 1
399 5
397 4
396 1
395 3
394 2
393 3
392 2
391 1
390 1
389 9
388 3
386 8
385 2
384 1
383 1
382 4
381 3
380 4
379 1
378 4
375 8
373 4
372 2
371 3
370 14
368 5
367 7
366 2
365 2
364 10
363 2
362 2
361 3
360 3
359 2
358 5
357 8
356 9
355 4
354 3
353 1
352 4
351 5
350 1
349 1
348 13
347 4
346 3
344 2
343 2
342 11
341 1
340 5
339 6
338 4
337 6
336 6
335 7
334 5
333 3
332 3
331 1
330 6
328 16
327 5
326 6
325 1
324 9
323 3
322 8
321 9
320 5
319 3
318 7
316 3
315 12
314 2
313 9
312 1
311 11
310 1
309 3
307 10
306 12
305 4
304 5
303 10
302 7
301 5
300 4
299 1
297 10
296 8
295 6
294 6
293 10
292 4
291 15
290 1
289 14
288 5
287 4
285 5
284 21
283 5
282 1
281 4
280 2
279 5
278 13
277 3
276 1
275 12
274 14
273 15
272 1
271 3
270 4
269 15
268 18
266 12
264 16
263 5
262 2
261 9
260 18
259 3
258 4
257 2
256 6
255 8
254 11
253 16
252 2
251 3
250 26
249 2
247 6
246 6
245 3
244 13
242 5
241 12
240 9
239 13
238 10
237 4
236 7
235 26
234 8
233 6
232 9
231 6
230 16
229 3
228 23
227 7
226 1
225 3
224 24
223 13
222 17
221 1
220 10
219 14
218 15
216 25
214 31
213 10
212 4
211 10
210 16
209 6
208 21
207 9
206 15
205 8
204 7
203 14
202 25
201 16
200 6
199 13
198 19
197 8
196 9
195 19
194 13
193 5
192 21
191 22
190 7
189 16
188 2
187 21
186 21
185 4
184 17
183 17
182 16
181 24
180 13
179 21
178 18
177 16
176 26
175 21
174 13
173 27
172 6
171 41
170 21
169 3
168 32
167 13
165 19
164 27
163 29
162 13
161 29
160 19
159 7
158 34
157 16
156 23
155 30
154 16
153 25
152 3
151 56
150 45
149 8
148 25
147 9
146 33
145 31
144 30
143 23
142 44
141 27
140 43
139 13
138 11
137 38
136 30
135 32
134 26
133 21
132 70
131 35
130 13
129 55
128 38
127 29
126 52
125 24
124 50
123 30
122 42
121 43
120 44
119 48
118 49
117 14
116 47
115 78
114 9
113 53
112 35
111 69
110 39
109 42
108 67
107 62
106 70
105 42
104 31
103 84
102 47
101 89
100 50
99 56
98 50
97 82
96 69
95 64
94 55
93 89
92 78
91 74
90 102
89 68
88 79
87 97
86 91
85 92
84 118
83 103
82 79
81 95
80 89
79 128
78 106
77 108
76 100
75 114
74 108
73 150
72 92
71 136
70 124
69 148
68 165
67 137
66 147
65 190
64 161
63 171
62 187
61 187
60 187
59 185
58 213
57 210
56 246
55 219
54 297
53 222
52 264
51 265
50 263
49 279
48 324
47 318
46 344
45 346
44 378
43 371
42 436
41 400
40 493
39 461
38 531
37 532
36 584
35 617
34 770
33 733
32 736
31 810
30 888
29 980
28 1012
27 1112
26 1212
25 1283
24 1425
23 1517
22 1764
21 1852
20 2209
19 2408
18 2806
17 3054
16 3557
15 4115
14 4977
13 5574
12 6974
11 8130
10 10794
9 13360
8 19315
7 25090
6 46072
5 62046
4 223365
3 288495
2 3647055
1 3091422
