5815 1
5767 1
1764 1
703 1
642 1
615 1
538 1
500 1
492 1
468 1
415 1
370 1
368 1
362 1
354 1
342 1
329 1
325 1
324 1
292 1
284 1
275 1
267 1
261 1
236 1
224 1
222 1
213 1
204 1
200 1
197 1
192 1
185 2
179 1
177 1
169 2
165 1
164 1
160 3
155 2
150 1
148 1
147 1
143 1
142 1
140 1
139 1
135 1
132 4
126 2
124 1
123 1
121 1
118 1
116 1
115 2
110 3
108 2
107 2
104 1
102 3
100 1
99 4
98 2
96 6
95 1
92 2
90 3
88 4
87 5
86 2
85 3
83 3
81 2
80 6
79 1
78 1
77 1
76 2
75 7
74 4
73 3
72 8
71 5
70 1
69 2
68 3
67 8
66 1
65 3
64 6
63 5
62 6
61 11
59 7
58 8
57 5
56 5
55 13
54 4
53 8
52 2
51 3
49 16
48 24
47 6
46 15
44 4
43 11
42 6
41 21
40 8
39 38
37 20
36 17
35 14
34 20
33 24
32 20
31 21
30 38
29 18
28 34
27 48
26 33
25 31
24 63
23 17
22 81
21 82
20 96
19 60
18 93
17 100
16 129
15 125
14 202
13 187
12 248
11 311
10 391
9 485
8 894
7 1032
6 2654
5 3004
4 16348
3 17630
2 392423
1 296884
