9357 1
6478 1
4857 1
3998 1
3602 1
3386 1
3326 1
2767 1
2039 1
1947 1
1933 1
1562 1
1393 1
1346 1
1298 1
1256 1
1239 1
1209 1
1183 2
1153 1
1139 1
1127 1
1115 1
1090 1
1044 1
1027 1
988 1
956 1
929 1
886 1
843 2
836 2
796 2
789 1
779 1
764 1
756 1
752 1
751 1
737 1
719 1
704 1
680 1
679 1
664 1
659 2
644 1
631 1
623 1
617 1
614 1
593 2
580 2
570 1
569 1
560 1
556 2
541 2
540 2
536 1
533 1
525 2
521 1
516 1
512 1
509 1
507 1
503 1
500 1
499 1
496 1
490 1
481 1
470 1
469 1
466 1
464 1
463 1
459 1
456 1
455 1
451 1
439 3
438 1
429 1
409 1
402 1
389 1
386 2
385 1
382 1
377 2
372 1
370 1
364 1
362 2
359 1
349 1
347 2
344 1
337 2
334 1
332 1
330 1
321 1
320 1
315 1
314 1
312 3
309 2
308 1
306 2
304 1
303 1
301 1
300 2
298 1
297 1
296 1
294 1
293 1
291 1
287 1
285 3
283 1
281 2
277 4
276 2
273 4
271 1
269 2
268 1
267 1
266 2
265 3
261 1
259 1
256 1
255 5
253 2
250 1
246 3
245 2
244 2
242 2
239 4
235 2
234 1
232 4
231 2
228 2
227 2
224 2
223 1
222 1
221 2
220 4
219 4
217 2
216 1
215 1
213 1
211 2
210 1
209 3
208 1
207 2
206 4
204 1
202 1
201 2
200 1
199 6
198 2
197 1
196 1
195 3
194 1
191 7
190 2
189 4
188 2
185 10
184 1
183 1
182 8
180 4
179 4
178 4
176 4
175 4
174 11
171 3
169 4
168 4
167 1
166 1
165 2
164 6
163 1
162 15
160 2
159 6
157 3
156 5
155 1
154 3
153 5
152 1
151 3
150 6
149 5
148 1
147 2
146 10
145 4
144 8
142 2
141 14
140 1
139 7
138 2
137 4
136 10
135 2
134 4
133 1
132 12
131 7
130 7
129 3
128 3
127 7
125 12
122 9
120 21
119 16
118 5
117 5
116 7
114 4
113 10
112 4
111 1
110 13
109 18
108 2
107 18
106 5
105 4
104 10
103 17
102 8
101 7
100 12
99 8
98 2
97 15
96 5
95 4
94 29
93 7
92 13
91 21
90 19
89 4
88 10
87 19
86 6
85 35
84 26
82 23
81 2
80 35
79 2
78 18
77 15
76 6
75 42
74 18
73 35
72 17
71 24
70 23
69 2
68 41
67 27
66 30
65 29
64 38
63 7
62 36
61 43
60 40
59 20
58 47
57 18
56 65
55 38
54 36
53 35
52 61
51 24
50 71
49 31
48 55
47 62
46 64
45 69
44 75
43 54
42 61
41 98
40 59
39 54
38 113
37 74
36 135
35 132
34 106
33 146
32 154
31 151
30 158
29 159
28 197
27 199
26 256
25 233
24 284
23 341
22 321
21 341
20 443
19 473
18 544
17 650
16 730
15 913
14 1081
13 1160
12 1420
11 1716
10 2316
9 2911
8 4319
7 5655
6 11170
5 14781
4 62233
3 75692
2 1217731
1 987120
