75775 1
35947 1
28711 1
24480 1
21205 1
20794 1
20615 1
20228 1
20224 1
20053 1
19932 1
19754 1
18936 1
18777 1
18733 1
17736 1
17459 1
16729 1
16317 1
15801 1
15270 1
15256 1
14617 1
14078 1
13792 1
13677 1
13043 1
12925 1
12251 1
12098 1
12089 1
11999 1
11866 1
11744 1
11711 1
11521 1
11415 1
11376 1
11353 1
11247 1
10883 1
10778 1
10722 1
10413 1
10403 1
10348 1
10326 1
10285 1
10116 1
10046 1
10039 1
10024 1
10013 1
9982 1
9858 1
9827 1
9798 1
9772 1
9615 1
9531 1
9357 1
9265 2
9129 1
8917 1
8815 1
8798 1
8722 1
8715 1
8487 1
8399 1
8372 1
8173 1
8053 1
7970 1
7957 1
7833 1
7770 1
7715 1
7620 1
7604 1
7565 1
7478 1
7433 1
7430 1
7415 1
7392 1
7365 1
7318 1
7307 1
7254 1
7221 1
7137 1
7104 1
7056 1
7052 1
7015 1
7013 1
6987 1
6969 1
6939 1
6932 1
6928 1
6843 1
6699 1
6656 1
6651 1
6642 1
6613 1
6605 1
6580 1
6554 1
6549 1
6490 1
6401 1
6381 1
6357 1
6346 1
6314 1
6188 1
6158 1
6106 1
6090 1
6009 1
5957 1
5933 1
5919 1
5883 1
5855 1
5845 1
5784 1
5749 1
5746 1
5714 1
5694 1
5670 1
5665 1
5656 1
5643 1
5614 1
5595 1
5584 1
5552 1
5540 1
5524 1
5428 1
5402 1
5386 1
5363 1
5257 1
5235 1
5222 1
5190 1
5188 1
5177 1
5155 1
5154 1
5146 1
5133 1
5121 1
5112 1
5093 1
5054 1
5047 1
5044 1
5027 1
5017 1
4997 1
4990 1
4906 1
4879 1
4873 1
4845 1
4842 1
4835 1
4781 1
4770 1
4763 1
4754 1
4739 1
4731 1
4728 1
4701 1
4697 1
4683 1
4682 1
4659 1
4636 1
4635 1
4629 1
4563 1
4556 1
4523 1
4509 2
4496 1
4479 1
4466 1
4451 1
4434 1
4410 1
4408 1
4394 1
4373 1
4352 1
4323 1
4314 1
4247 1
4239 1
4230 1
4224 1
4184 1
4171 1
4152 1
4146 1
4135 1
4134 1
4128 1
4113 1
4102 1
4097 1
4048 1
4044 1
4042 1
4032 1
4018 1
4008 1
3999 1
3997 1
3974 2
3973 1
3962 1
3938 1
3927 1
3912 1
3902 1
3896 1
3885 1
3883 1
3874 1
3859 1
3810 1
3802 1
3800 1
3796 1
3791 3
3767 1
3754 1
3747 1
3742 1
3735 1
3732 1
3705 1
3703 1
3694 4
3689 1
3679 1
3662 1
3651 1
3646 1
3641 1
3628 1
3603 1
3592 1
3590 1
3588 1
3576 1
3569 1
3562 1
3540 1
3535 1
3525 1
3516 1
3511 1
3493 2
3490 1
3485 1
3478 1
3465 1
3446 2
3425 1
3424 1
3393 1
3379 1
3358 1
3357 1
3346 1
3344 1
3341 1
3335 1
3330 1
3327 1
3324 1
3297 1
3294 1
3293 1
3288 1
3285 1
3283 1
3281 1
3273 1
3271 1
3260 1
3248 1
3246 1
3242 1
3237 1
3229 1
3224 1
3212 1
3200 1
3197 1
3196 1
3189 1
3184 2
3175 1
3170 1
3167 2
3161 2
3158 2
3154 2
3126 1
3121 1
3099 1
3094 1
3090 1
3084 1
3082 2
3080 1
3075 1
3068 1
3065 1
3064 1
3043 1
3031 1
3027 1
3025 1
3010 2
3001 1
2991 1
2986 1
2982 1
2975 1
2967 1
2962 1
2959 1
2953 1
2945 2
2942 1
2936 1
2929 1
2926 2
2924 1
2923 2
2915 1
2908 1
2907 1
2899 1
2891 1
2888 1
2872 1
2870 1
2853 1
2820 1
2817 2
2816 1
2809 2
2801 1
2783 1
2779 1
2769 2
2765 1
2764 1
2761 1
2760 1
2756 2
2752 1
2749 1
2745 2
2740 1
2738 2
2736 1
2735 1
2730 1
2728 1
2721 1
2711 1
2709 1
2700 1
2690 1
2684 1
2681 1
2679 1
2677 1
2663 2
2657 1
2653 1
2648 1
2646 1
2642 1
2639 1
2638 1
2636 1
2624 1
2615 1
2612 2
2607 1
2602 1
2597 1
2581 1
2574 3
2571 1
2561 1
2557 1
2554 1
2551 1
2545 1
2542 1
2538 2
2535 1
2527 1
2523 1
2518 1
2513 1
2509 1
2507 1
2506 1
2503 1
2500 1
2490 1
2489 1
2488 1
2482 1
2477 1
2456 1
2455 1
2449 2
2442 2
2441 2
2411 1
2403 1
2402 1
2397 1
2393 1
2392 1
2387 1
2383 1
2380 1
2377 2
2374 1
2373 1
2367 2
2363 1
2362 2
2356 1
2346 1
2341 1
2336 1
2330 1
2327 1
2326 1
2319 1
2315 2
2312 1
2308 1
2299 1
2288 2
2287 1
2286 1
2280 1
2276 4
2272 1
2269 1
2268 1
2266 1
2260 1
2256 3
2253 1
2252 1
2235 1
2233 1
2232 2
2229 1
2223 2
2221 1
2220 1
2218 1
2208 1
2205 1
2202 1
2201 1
2197 2
2195 1
2194 1
2184 1
2177 1
2175 1
2171 1
2168 1
2166 1
2164 3
2159 2
2157 1
2156 1
2152 1
2145 1
2139 1
2136 1
2133 1
2127 1
2126 1
2125 1
2109 1
2107 1
2104 1
2101 2
2096 1
2093 1
2089 1
2087 1
2081 1
2073 1
2066 1
2062 1
2061 1
2060 1
2059 1
2058 1
2055 1
2054 1
2053 2
2047 1
2042 2
2040 1
2037 1
2033 2
2026 1
2020 1
2017 1
2010 1
2008 1
2006 1
2005 1
2003 1
1998 1
1993 1
1992 1
1990 1
1985 1
1984 1
1981 2
1979 1
1978 1
1976 1
1975 1
1972 1
1971 1
1966 1
1965 1
1960 2
1959 1
1958 3
1957 1
1952 1
1943 1
1942 1
1940 3
1937 1
1936 1
1924 1
1921 1
1919 1
1907 2
1904 1
1903 1
1900 1
1897 1
1895 1
1890 2
1889 1
1888 1
1882 2
1881 1
1870 1
1868 1
1866 1
1860 1
1857 1
1853 1
1847 1
1844 2
1843 1
1841 1
1834 1
1831 1
1829 2
1828 2
1823 2
1820 1
1818 1
1817 1
1816 1
1809 1
1808 1
1806 1
1802 3
1800 2
1799 1
1797 1
1788 3
1787 1
1782 2
1781 1
1780 1
1778 1
1772 1
1769 3
1764 1
1759 1
1757 1
1756 2
1751 1
1748 1
1744 4
1740 1
1739 1
1738 1
1735 2
1733 1
1727 1
1726 2
1725 1
1723 1
1720 1
1718 1
1717 2
1712 2
1709 1
1707 1
1705 2
1701 1
1700 1
1699 1
1698 1
1691 1
1689 3
1688 1
1683 1
1679 1
1676 1
1673 1
1668 3
1666 1
1664 1
1663 1
1661 1
1657 2
1654 1
1653 1
1651 1
1649 2
1648 1
1645 1
1642 1
1640 1
1639 1
1636 1
1635 1
1632 1
1628 2
1623 1
1622 2
1616 1
1613 1
1612 2
1611 1
1610 1
1601 2
1598 1
1597 1
1596 1
1595 1
1594 1
1591 1
1590 1
1589 1
1588 1
1582 2
1578 1
1574 1
1570 1
1568 1
1567 2
1565 1
1564 1
1563 1
1558 1
1557 1
1556 2
1554 2
1546 3
1545 1
1544 1
1543 1
1542 3
1541 1
1535 1
1534 1
1528 2
1524 1
1523 2
1522 1
1521 2
1520 3
1513 1
1512 3
1510 2
1507 1
1506 1
1504 1
1502 2
1498 4
1497 2
1491 1
1490 1
1488 1
1484 1
1483 1
1482 1
1481 1
1476 2
1472 3
1467 1
1466 4
1463 2
1460 1
1459 4
1458 1
1457 1
1456 1
1455 2
1454 1
1449 1
1447 1
1442 1
1441 2
1439 1
1437 2
1436 2
1435 1
1434 1
1433 1
1432 1
1431 1
1430 1
1429 1
1428 1
1426 1
1421 3
1417 1
1416 3
1415 1
1409 5
1404 4
1397 1
1394 2
1393 1
1391 2
1389 2
1387 1
1386 1
1384 1
1383 1
1381 1
1380 1
1379 2
1378 1
1377 2
1373 2
1372 1
1370 1
1369 5
1368 2
1363 2
1362 1
1360 1
1359 3
1357 4
1355 1
1354 1
1352 1
1349 2
1341 2
1338 2
1337 1
1335 1
1332 1
1329 3
1327 1
1326 1
1324 2
1322 1
1321 1
1319 1
1318 1
1317 1
1310 1
1308 3
1304 2
1303 3
1301 1
1300 1
1299 2
1296 1
1294 1
1291 3
1289 3
1288 2
1287 1
1286 4
1284 3
1282 1
1281 5
1279 3
1274 1
1273 4
1272 1
1271 3
1268 1
1266 1
1263 2
1262 2
1261 2
1260 1
1258 1
1257 2
1254 1
1252 6
1251 1
1248 1
1247 3
1246 3
1244 1
1241 1
1238 2
1235 1
1233 2
1232 1
1230 1
1227 3
1224 1
1223 5
1221 3
1218 1
1217 1
1216 1
1215 2
1212 2
1211 1
1209 1
1208 3
1207 3
1206 1
1205 1
1204 1
1201 1
1200 1
1199 1
1195 3
1194 3
1193 2
1192 1
1191 1
1190 2
1189 1
1183 1
1182 3
1178 1
1177 1
1175 2
1174 3
1173 1
1171 7
1170 1
1167 1
1163 2
1162 6
1161 4
1159 1
1157 1
1156 2
1155 2
1154 1
1153 2
1151 3
1149 2
1148 2
1146 1
1143 3
1141 1
1137 3
1136 1
1135 2
1131 5
1128 3
1126 3
1125 1
1123 1
1121 3
1120 2
1119 2
1117 1
1116 4
1115 2
1114 1
1113 1
1111 2
1110 4
1107 3
1105 4
1104 1
1103 4
1102 1
1099 3
1098 1
1097 3
1096 3
1095 1
1091 3
1090 6
1089 3
1087 1
1086 2
1083 4
1082 1
1079 2
1078 2
1077 3
1076 1
1073 1
1072 1
1069 7
1068 1
1067 1
1063 6
1061 5
1060 1
1059 2
1057 1
1056 3
1054 2
1053 3
1052 3
1051 1
1050 1
1049 2
1048 2
1047 3
1046 1
1045 1
1044 2
1043 2
1042 2
1041 1
1040 2
1039 5
1038 1
1036 5
1033 1
1032 1
1030 6
1024 6
1023 3
1021 1
1020 3
1018 2
1016 4
1013 3
1012 1
1011 4
1010 2
1009 1
1008 1
1007 1
1005 5
1003 2
1002 3
1001 2
1000 2
999 3
998 5
997 1
996 1
993 2
992 2
991 1
989 5
988 1
987 3
986 1
985 1
984 2
982 2
979 2
978 4
977 2
974 1
973 5
968 4
965 1
963 5
961 1
960 1
959 1
958 3
957 1
956 2
955 1
953 2
952 2
951 2
950 2
948 1
947 2
946 7
944 3
940 3
939 1
938 2
937 1
934 1
933 4
932 3
930 3
929 6
927 1
926 4
923 4
922 2
921 2
920 2
919 1
918 5
917 4
916 4
915 2
914 1
913 2
912 1
911 5
910 1
907 2
906 5
905 4
904 1
903 5
902 1
901 1
899 2
897 2
896 6
895 8
891 1
890 3
889 4
887 7
886 1
885 2
884 7
883 3
881 2
880 1
878 1
877 5
876 4
872 3
870 2
869 1
868 1
867 3
865 5
864 1
863 5
861 3
859 2
858 2
857 1
855 1
852 2
851 5
849 3
847 2
845 1
844 9
843 2
842 2
841 3
840 1
838 5
837 6
835 1
833 8
832 4
829 3
828 1
826 3
825 6
824 5
823 1
822 1
821 2
820 1
819 7
818 1
816 5
815 2
813 4
812 1
810 3
809 2
807 4
806 1
805 4
804 2
803 2
802 3
801 5
800 1
797 7
796 3
795 11
792 2
791 3
790 2
787 4
785 3
784 4
783 3
780 2
779 1
778 1
777 1
776 3
775 3
774 1
773 4
772 2
771 2
769 1
767 4
766 2
765 6
764 5
763 6
761 2
759 1
757 1
754 1
753 2
752 5
751 3
750 5
748 3
747 1
746 1
744 5
743 4
742 1
741 3
740 6
739 2
737 1
736 5
735 2
734 1
733 2
732 4
730 3
729 2
728 3
727 6
726 4
725 2
724 2
723 1
722 9
721 4
720 1
717 5
715 3
714 2
712 9
711 1
710 4
709 2
708 4
706 4
705 1
704 2
703 4
701 1
700 15
699 4
698 4
697 6
696 1
695 2
694 2
691 6
690 10
689 3
688 1
686 3
685 3
684 5
683 1
682 1
681 5
680 12
679 3
678 2
677 4
676 2
675 3
673 2
671 2
669 7
668 1
667 3
666 2
665 3
664 6
662 3
661 4
660 4
659 6
658 8
656 1
655 4
654 1
652 7
651 1
650 9
648 2
647 6
646 5
645 1
644 3
643 10
640 16
639 2
638 1
637 4
635 8
634 3
633 1
632 6
631 5
630 2
629 1
627 9
626 1
625 7
624 4
623 10
619 9
618 6
617 5
616 1
615 4
614 8
613 11
612 1
611 2
610 1
609 4
608 2
607 12
605 3
604 1
603 4
602 5
601 3
599 7
598 6
597 3
596 5
595 5
594 7
593 3
592 5
591 4
590 1
589 4
588 4
586 14
585 1
584 3
583 1
582 7
581 9
580 12
579 1
577 6
576 11
575 2
574 2
573 1
572 6
571 9
570 11
569 1
568 2
567 11
566 1
565 4
564 3
563 5
562 7
561 8
560 4
559 1
558 6
557 3
556 10
555 1
554 6
553 10
551 7
550 3
549 9
548 1
547 5
546 6
545 3
544 8
543 10
542 7
541 4
540 6
539 11
538 4
537 5
536 7
535 7
533 12
532 2
531 7
530 7
529 5
528 7
527 14
524 11
523 8
522 9
520 6
519 5
518 3
517 2
516 13
515 1
514 3
513 13
512 9
510 3
509 15
508 2
507 8
506 11
505 1
504 6
503 3
502 4
500 17
499 12
497 1
496 4
495 11
494 6
493 9
492 7
491 2
490 12
489 10
488 11
487 2
486 1
485 11
484 7
483 1
482 3
481 12
480 7
479 2
478 6
477 5
476 13
475 5
474 2
473 19
471 8
470 6
469 22
468 7
467 6
466 8
465 12
464 9
463 1
462 6
461 4
460 4
459 8
458 11
457 4
456 1
455 8
454 17
453 10
452 8
451 7
450 10
449 15
448 6
447 4
446 16
445 6
444 3
443 5
442 13
441 5
440 2
439 3
438 17
437 9
436 6
435 5
433 22
432 2
431 7
430 16
429 7
428 5
427 8
426 2
425 10
424 15
423 5
422 14
420 7
419 15
418 2
417 29
416 3
415 10
414 10
413 8
412 2
411 10
410 5
409 22
408 3
407 9
406 18
405 2
404 20
402 10
401 9
400 7
399 6
398 7
397 13
396 12
395 23
394 10
393 3
392 14
391 16
390 11
389 9
388 13
386 22
385 29
384 3
383 4
382 20
381 6
380 12
379 3
378 23
377 10
376 15
375 17
374 6
373 17
372 18
371 9
370 17
369 12
368 21
367 1
366 21
365 2
364 12
363 30
362 2
361 35
360 16
359 3
358 6
357 18
356 12
354 25
353 10
352 17
351 18
350 15
349 9
348 3
347 10
346 12
345 4
344 17
343 13
342 18
341 14
340 3
339 24
338 11
337 4
336 20
335 15
334 18
333 20
332 13
331 1
330 26
329 4
328 31
327 12
325 15
324 7
323 53
322 8
321 3
320 22
319 7
318 15
317 37
316 8
315 23
314 13
313 21
312 19
311 9
310 12
309 20
308 21
307 17
306 27
305 17
304 9
303 21
302 18
301 25
300 1
299 22
298 18
297 17
296 15
295 7
294 14
293 11
292 28
291 9
290 17
289 10
288 14
287 40
286 3
285 13
284 48
283 8
282 24
281 15
280 14
279 26
278 17
277 15
276 24
275 31
274 11
273 14
272 11
271 15
270 19
269 21
268 23
267 25
266 24
264 4
263 43
262 15
261 22
260 9
259 28
258 33
257 15
256 9
255 38
254 17
253 9
252 31
251 27
250 14
249 38
248 21
247 39
246 33
245 33
244 20
243 8
242 44
241 7
240 30
239 23
238 28
237 20
236 38
235 24
234 48
233 29
232 19
231 51
230 15
229 28
228 44
227 3
226 29
225 38
224 30
223 36
222 25
221 36
220 28
219 13
218 61
217 23
216 11
215 42
214 24
213 35
212 37
211 34
210 9
209 44
208 13
207 41
206 44
205 59
204 8
203 70
202 17
201 47
200 18
199 51
198 37
197 8
196 42
195 60
194 43
193 33
192 45
191 38
190 24
189 46
188 26
187 49
186 15
185 70
184 46
183 52
182 50
181 28
180 53
179 34
178 49
177 47
176 64
175 66
174 36
173 53
172 58
171 45
170 38
169 72
168 68
167 38
166 46
165 45
164 44
163 80
162 38
161 42
160 46
159 48
158 69
157 85
156 42
155 69
154 79
153 70
152 58
151 71
150 68
149 67
148 85
147 61
146 36
145 89
144 88
143 78
142 68
141 86
140 59
139 83
138 83
137 50
136 98
135 85
134 129
133 59
132 77
131 97
130 100
129 98
128 88
127 70
126 96
125 90
124 85
123 114
122 90
121 120
120 118
119 80
118 115
117 114
116 96
115 119
114 117
113 128
112 113
111 121
110 136
109 155
108 104
107 122
106 189
105 68
104 130
103 180
102 168
101 124
100 163
99 158
98 162
97 157
96 159
95 151
94 175
93 196
92 147
91 186
90 185
89 209
88 181
87 233
86 238
85 204
84 215
83 247
82 230
81 243
80 238
79 247
78 287
77 245
76 269
75 269
74 297
73 304
72 251
71 332
70 327
69 330
68 312
67 361
66 328
65 366
64 367
63 396
62 425
61 419
60 380
59 445
58 494
57 475
56 513
55 439
54 522
53 586
52 569
51 623
50 666
49 641
48 685
47 787
46 728
45 813
44 771
43 879
42 919
41 919
40 1006
39 1113
38 1156
37 1176
36 1206
35 1341
34 1379
33 1480
32 1669
31 1736
30 1928
29 2039
28 2055
27 2375
26 2575
25 2646
24 3146
23 3199
22 3595
21 3954
20 4496
19 4728
18 5594
17 6303
16 6856
15 7937
14 9283
13 10578
12 12646
11 15267
10 18896
9 23609
8 31278
7 41465
6 66511
5 96206
4 252568
3 374120
2 2823737
1 2781529
