1135934 1
207490 1
188386 1
149910 1
110364 1
96181 1
95853 1
93871 1
85451 1
75792 1
57862 1
57673 1
55933 1
55634 1
51981 1
51872 1
51533 1
50689 1
49234 1
48908 1
41446 1
38612 1
38492 1
38081 1
37731 1
37611 1
37418 1
37373 1
37199 1
37114 1
37083 1
37078 1
36961 1
35912 1
34754 1
34460 1
34054 1
32896 1
32284 1
30947 1
30918 1
29569 1
28928 1
28717 1
27818 1
27778 1
27653 1
27319 1
26509 1
26096 1
25786 1
25136 1
24672 1
24532 1
24478 1
24375 1
24286 1
24005 1
23866 1
23846 1
23799 1
23794 1
23770 1
23601 1
23425 1
23243 1
22972 1
22906 1
22697 1
22156 1
22086 1
22076 1
21700 1
21439 1
21332 1
21324 1
21214 1
20893 1
20877 1
20857 1
20784 1
20711 1
20710 1
20622 1
20613 1
20472 1
20396 1
20387 1
20348 1
20327 1
20258 1
20253 1
20231 1
20191 1
20090 1
20056 1
20038 1
20020 1
19969 1
19951 1
19890 1
19823 1
19802 1
19787 1
19755 1
19701 1
19535 1
19416 1
19282 1
19178 1
19132 1
19124 1
19004 1
18945 1
18933 1
18903 1
18886 1
18848 1
18786 1
18762 1
18752 1
18730 1
18728 1
18712 1
18668 2
18654 1
18634 1
18609 1
18608 1
18596 1
18584 1
18551 1
18536 1
18490 1
18485 1
18446 1
18432 1
18421 1
18391 1
18373 1
18281 1
18223 1
18218 1
18203 1
18107 1
18038 1
17939 1
17909 1
17898 1
17727 1
17648 1
17630 1
17617 1
17568 1
17547 1
17460 1
17422 1
17383 1
17349 1
17270 1
16945 1
16902 1
16863 1
16746 1
16726 1
16606 1
16550 1
16481 1
16393 1
16324 1
16262 1
16183 1
16178 1
16144 1
16121 1
16112 1
16090 1
16084 1
16071 1
15934 1
15807 1
15795 1
15739 1
15668 1
15592 1
15556 1
15514 1
15493 2
15439 1
15408 1
15336 1
15281 1
15256 1
15243 1
15220 1
15079 1
15059 1
14947 1
14816 1
14703 1
14615 1
14548 1
14529 1
14508 1
14479 1
14379 1
14351 1
14228 1
14157 1
14139 1
14095 1
14077 1
14043 1
13997 1
13992 1
13940 1
13918 1
13855 1
13841 1
13827 1
13805 1
13757 1
13694 1
13655 1
13645 1
13562 1
13477 1
13472 1
13426 1
13405 1
13379 1
13219 1
13193 1
13115 1
13068 1
13027 1
13011 1
12980 1
12935 1
12923 1
12910 1
12889 1
12888 1
12886 1
12698 1
12654 1
12645 1
12629 1
12604 1
12514 1
12509 1
12502 1
12480 1
12305 1
12246 1
12234 1
12221 1
12183 1
12175 1
12145 1
12087 1
12086 1
12005 1
12001 1
11982 1
11923 1
11912 1
11873 1
11843 2
11822 1
11791 1
11786 1
11760 1
11757 1
11750 1
11706 1
11633 1
11537 1
11441 1
11438 1
11427 1
11409 1
11401 1
11364 1
11361 1
11349 1
11310 1
11240 1
11235 1
11123 1
11078 1
11067 1
11009 1
10985 1
10972 1
10902 1
10895 1
10887 1
10804 1
10780 1
10760 1
10742 1
10699 1
10595 1
10561 1
10554 1
10545 1
10524 1
10450 1
10430 1
10426 1
10381 1
10363 1
10340 1
10326 1
10314 1
10299 1
10288 1
10279 1
10274 1
10252 1
10206 1
10180 1
10154 1
10140 1
10121 1
10091 1
10068 1
10048 1
10040 1
10037 1
10025 1
10019 1
10018 1
9985 1
9952 1
9925 1
9876 1
9868 1
9867 1
9850 1
9812 2
9784 1
9739 1
9736 1
9697 1
9641 1
9622 1
9617 1
9610 1
9538 1
9515 1
9494 1
9491 1
9473 1
9455 1
9450 1
9367 1
9362 1
9333 1
9283 1
9282 1
9277 1
9268 1
9263 1
9220 1
9152 1
9147 1
9137 1
9107 1
9080 1
9069 1
9011 1
9000 1
8998 1
8946 1
8925 1
8917 1
8900 1
8887 1
8870 1
8863 1
8840 1
8831 1
8830 1
8808 1
8804 1
8793 1
8791 1
8753 1
8729 1
8728 1
8713 1
8708 2
8647 1
8637 1
8635 1
8612 2
8605 1
8596 1
8593 1
8560 1
8553 1
8543 1
8513 1
8500 1
8488 1
8482 1
8405 1
8393 1
8387 1
8374 1
8372 1
8326 1
8322 1
8308 1
8290 1
8288 1
8283 1
8271 1
8269 1
8258 1
8242 1
8238 2
8182 1
8176 1
8169 1
8146 1
8141 1
8120 1
8090 1
8088 1
8082 1
8081 1
8075 1
8057 1
8056 1
8044 1
8017 1
7994 1
7981 1
7975 1
7959 1
7947 1
7907 1
7903 1
7900 1
7896 1
7888 1
7883 1
7877 1
7863 1
7857 1
7844 1
7842 1
7841 1
7824 1
7807 1
7787 1
7785 1
7775 1
7743 1
7739 1
7710 1
7707 1
7696 1
7687 1
7675 1
7663 1
7651 1
7648 1
7644 1
7631 1
7630 1
7612 1
7610 2
7606 1
7600 1
7594 1
7578 1
7565 1
7556 1
7536 1
7532 1
7516 2
7506 1
7501 1
7481 1
7478 1
7468 1
7463 1
7462 1
7457 1
7450 1
7449 1
7447 1
7432 1
7425 1
7424 1
7421 1
7413 1
7402 1
7401 1
7398 1
7389 1
7385 1
7383 1
7369 1
7367 1
7354 1
7343 1
7339 1
7311 1
7299 1
7249 1
7243 1
7240 1
7233 1
7224 1
7199 1
7192 1
7153 1
7148 1
7134 1
7126 1
7121 1
7115 1
7114 1
7100 1
7097 1
7095 1
7088 1
7067 1
7066 1
7065 1
7063 1
7055 1
7051 1
7049 1
7031 1
7005 1
6987 1
6978 1
6966 1
6957 1
6943 2
6940 1
6931 1
6915 1
6898 1
6877 1
6859 1
6826 1
6807 1
6806 1
6800 1
6794 1
6781 1
6780 1
6745 1
6729 1
6722 1
6716 1
6707 1
6693 1
6687 1
6660 1
6657 1
6647 1
6638 1
6631 1
6621 1
6620 1
6616 1
6609 1
6606 1
6587 1
6586 1
6585 1
6578 1
6567 1
6563 1
6557 1
6543 1
6537 1
6519 1
6509 1
6504 1
6490 1
6478 1
6437 1
6435 1
6432 1
6423 1
6413 1
6405 2
6395 1
6386 1
6383 1
6354 1
6348 1
6345 1
6344 1
6334 1
6316 1
6310 1
6302 1
6276 1
6273 1
6248 2
6217 1
6212 1
6210 1
6198 1
6186 1
6180 1
6167 1
6157 1
6156 1
6122 1
6108 1
6088 1
6086 1
6083 1
6073 1
6071 1
6061 1
6057 1
6045 1
6043 1
6034 1
6031 1
6019 1
5990 1
5985 1
5972 1
5943 1
5940 1
5936 1
5934 1
5922 1
5894 1
5877 1
5874 2
5872 1
5871 1
5861 1
5855 1
5840 1
5829 1
5828 1
5827 1
5818 1
5796 2
5792 1
5787 1
5786 1
5771 2
5768 1
5763 1
5748 1
5733 1
5729 1
5725 1
5718 1
5716 1
5713 2
5712 1
5703 2
5694 1
5690 1
5687 3
5685 1
5679 1
5671 1
5669 1
5667 2
5663 2
5662 1
5660 1
5656 1
5650 1
5649 1
5635 1
5627 1
5625 1
5618 1
5598 2
5595 2
5591 1
5580 1
5577 1
5560 1
5556 1
5555 1
5543 1
5540 1
5537 1
5521 1
5519 1
5518 1
5512 1
5507 1
5494 1
5493 1
5486 1
5485 1
5478 1
5475 1
5471 1
5459 1
5456 1
5447 1
5443 1
5432 1
5427 1
5419 1
5413 1
5405 1
5400 1
5390 1
5389 1
5386 1
5380 1
5377 1
5376 2
5364 1
5350 1
5347 1
5339 3
5330 1
5327 1
5310 1
5297 1
5292 1
5289 1
5288 2
5275 1
5265 1
5262 1
5261 1
5258 1
5257 1
5237 1
5236 1
5232 1
5215 1
5211 1
5205 1
5203 1
5195 1
5186 1
5185 1
5167 1
5165 1
5164 1
5163 1
5162 1
5160 1
5157 2
5154 2
5151 1
5149 1
5138 1
5137 1
5134 3
5130 1
5129 1
5121 3
5119 1
5109 1
5098 1
5095 1
5092 1
5090 1
5087 1
5081 1
5074 1
5072 1
5070 1
5059 2
5054 1
5053 1
5051 1
5045 1
5041 1
5036 1
5031 1
5028 1
5015 1
5013 1
5009 1
5006 2
5003 1
4999 1
4989 1
4986 1
4973 1
4967 1
4957 1
4950 1
4937 1
4924 2
4916 1
4911 1
4910 1
4906 1
4900 1
4897 1
4892 1
4879 1
4877 1
4870 1
4869 1
4859 1
4857 1
4856 1
4847 2
4840 1
4839 1
4836 1
4835 1
4834 1
4833 3
4831 1
4826 1
4816 1
4800 1
4795 1
4789 1
4788 2
4787 1
4781 1
4775 1
4773 2
4772 1
4771 1
4767 1
4764 1
4763 1
4755 1
4749 1
4746 1
4744 3
4742 1
4736 1
4735 1
4734 2
4730 1
4726 1
4720 2
4714 1
4709 1
4706 1
4698 2
4695 1
4692 3
4688 1
4684 1
4675 1
4666 1
4654 2
4650 1
4638 1
4635 1
4632 1
4628 1
4622 1
4616 2
4608 1
4607 2
4606 1
4596 1
4594 1
4589 1
4586 1
4584 1
4570 1
4562 1
4559 1
4553 1
4551 2
4546 2
4530 1
4529 1
4527 1
4525 1
4517 1
4515 1
4514 2
4512 1
4510 1
4496 2
4492 1
4487 1
4486 1
4479 1
4473 1
4464 1
4461 1
4460 1
4451 1
4446 1
4438 1
4437 2
4432 1
4429 1
4421 1
4420 1
4412 1
4411 1
4407 1
4403 1
4402 1
4396 1
4392 1
4386 1
4385 1
4383 1
4381 1
4378 1
4375 2
4373 1
4372 1
4370 1
4363 1
4361 1
4360 2
4350 1
4345 1
4343 1
4332 1
4331 1
4329 1
4325 2
4319 2
4318 1
4308 1
4297 1
4283 1
4276 1
4271 1
4269 2
4250 1
4249 1
4247 1
4241 1
4239 3
4238 1
4234 1
4233 1
4225 2
4222 1
4215 1
4207 1
4206 2
4196 1
4193 1
4192 1
4187 1
4185 1
4182 1
4167 4
4163 2
4162 1
4161 2
4160 1
4158 1
4152 1
4150 3
4148 2
4142 1
4140 1
4138 1
4135 2
4132 3
4131 1
4121 1
4119 2
4116 1
4115 1
4110 1
4105 1
4100 3
4099 2
4096 2
4091 2
4090 1
4081 1
4077 2
4075 1
4074 1
4068 2
4065 1
4053 1
4052 3
4051 1
4039 1
4037 1
4034 1
4032 1
4026 1
4023 2
4021 1
4015 1
4010 1
4005 1
4001 1
3996 1
3995 1
3987 2
3986 1
3983 1
3982 1
3980 1
3977 1
3975 1
3974 2
3972 1
3971 1
3961 1
3959 1
3952 1
3948 1
3939 1
3938 1
3932 1
3931 1
3926 1
3922 1
3921 1
3912 1
3911 1
3910 1
3909 1
3906 1
3902 1
3901 1
3899 2
3897 1
3886 1
3883 1
3878 2
3876 1
3873 2
3872 1
3871 1
3870 1
3865 1
3860 1
3857 1
3850 1
3843 1
3840 1
3839 2
3832 2
3831 1
3829 1
3827 2
3824 2
3823 1
3809 1
3806 3
3803 1
3802 3
3792 1
3788 1
3787 2
3774 1
3773 1
3771 1
3766 5
3763 2
3762 1
3760 2
3757 2
3754 1
3750 1
3746 1
3743 3
3735 1
3731 1
3730 1
3729 1
3727 1
3724 1
3720 1
3719 1
3715 2
3712 2
3706 1
3705 1
3702 1
3699 1
3698 3
3697 1
3695 1
3694 3
3689 3
3688 1
3687 3
3684 2
3679 2
3677 1
3674 2
3673 1
3667 1
3665 1
3664 2
3663 1
3659 1
3656 2
3655 1
3654 2
3648 1
3644 1
3643 1
3642 2
3641 1
3639 2
3638 1
3636 1
3634 2
3630 1
3627 1
3626 1
3625 1
3620 1
3619 1
3616 1
3614 1
3610 2
3609 1
3605 1
3600 1
3596 1
3594 2
3591 2
3590 2
3584 1
3582 1
3581 1
3576 2
3567 2
3566 1
3558 1
3557 2
3556 1
3548 4
3541 1
3539 1
3537 2
3535 1
3534 2
3533 2
3524 1
3522 1
3519 2
3518 1
3516 2
3513 2
3511 1
3507 1
3502 1
3500 2
3497 1
3493 1
3491 1
3490 1
3486 2
3479 1
3478 1
3477 1
3476 1
3472 4
3470 2
3469 1
3466 1
3465 1
3463 1
3461 1
3448 1
3447 1
3444 2
3443 1
3442 1
3440 1
3438 2
3431 1
3429 1
3428 2
3425 2
3424 2
3422 1
3418 1
3417 1
3416 1
3415 1
3411 2
3410 1
3408 1
3401 1
3394 1
3382 2
3378 2
3377 1
3375 2
3371 2
3366 1
3364 1
3363 2
3354 2
3353 1
3352 1
3350 2
3346 1
3343 2
3342 1
3337 3
3336 3
3334 1
3333 1
3327 2
3324 1
3320 1
3319 1
3318 3
3315 1
3310 1
3306 4
3303 3
3300 3
3297 3
3294 1
3291 2
3289 1
3287 2
3286 2
3283 1
3282 2
3277 1
3275 4
3269 3
3263 1
3262 2
3258 1
3253 2
3250 1
3247 1
3242 3
3241 1
3238 1
3236 1
3233 1
3232 2
3227 1
3222 1
3219 1
3215 1
3214 3
3213 1
3211 1
3210 1
3208 1
3202 1
3198 1
3195 1
3193 2
3192 4
3191 2
3189 1
3187 2
3186 1
3185 3
3184 1
3181 1
3180 1
3174 3
3166 1
3165 1
3163 3
3162 1
3160 2
3159 2
3158 1
3155 3
3154 1
3152 1
3149 2
3148 1
3146 2
3144 1
3140 1
3137 1
3135 1
3134 1
3128 1
3124 1
3123 2
3121 2
3113 5
3112 1
3106 1
3102 1
3099 4
3094 3
3090 3
3088 1
3087 2
3085 1
3084 4
3083 2
3081 1
3078 3
3076 1
3071 1
3065 4
3061 1
3059 1
3056 1
3054 1
3051 4
3044 3
3043 1
3040 2
3034 2
3032 1
3031 2
3030 1
3026 1
3024 1
3023 1
3022 2
3019 2
3015 1
3012 2
3010 1
3008 4
3005 1
3004 1
3000 1
2999 3
2993 1
2991 1
2989 3
2986 1
2985 2
2980 1
2978 1
2976 2
2972 2
2971 4
2966 1
2964 1
2960 1
2958 1
2957 2
2955 1
2953 3
2949 1
2948 1
2946 4
2944 1
2943 1
2941 1
2939 1
2937 3
2935 2
2933 4
2931 1
2930 1
2928 1
2927 2
2926 3
2922 2
2920 4
2918 2
2915 2
2914 1
2909 5
2908 1
2903 1
2900 2
2895 1
2894 2
2881 1
2880 1
2879 1
2878 1
2875 2
2874 3
2869 1
2867 1
2866 1
2865 1
2862 1
2861 2
2858 1
2857 1
2855 1
2851 1
2849 1
2848 1
2845 1
2843 1
2842 3
2841 1
2840 1
2837 3
2833 2
2829 1
2826 1
2825 2
2823 1
2820 1
2816 2
2814 1
2812 2
2811 5
2810 1
2808 1
2804 2
2803 1
2802 1
2799 2
2798 2
2796 1
2795 1
2794 2
2791 1
2789 1
2787 1
2786 1
2785 4
2780 1
2776 1
2775 3
2773 1
2772 3
2771 4
2769 2
2768 1
2767 1
2765 2
2764 1
2762 1
2760 2
2758 3
2756 1
2755 2
2754 2
2753 3
2751 1
2750 1
2745 4
2743 3
2742 2
2741 3
2739 1
2736 1
2730 1
2729 6
2727 4
2726 1
2721 3
2718 2
2710 4
2709 2
2703 1
2702 2
2701 1
2699 1
2698 2
2697 1
2696 1
2694 3
2692 1
2690 3
2686 1
2684 2
2682 1
2681 3
2680 1
2678 1
2676 1
2675 1
2674 1
2673 2
2671 1
2670 2
2669 2
2666 1
2664 1
2663 2
2662 1
2661 1
2660 1
2658 1
2655 1
2651 1
2650 2
2649 3
2648 1
2644 2
2640 1
2639 4
2633 3
2632 1
2624 1
2623 1
2620 4
2617 1
2615 1
2614 2
2613 2
2611 1
2610 1
2609 2
2605 2
2604 1
2603 1
2600 3
2598 1
2597 1
2596 1
2593 1
2589 1
2588 1
2587 2
2580 1
2579 3
2578 2
2577 1
2572 4
2567 4
2564 1
2563 2
2562 4
2561 1
2556 3
2555 4
2551 2
2550 3
2549 2
2548 2
2544 3
2543 2
2542 2
2541 1
2539 1
2537 3
2534 4
2532 1
2531 2
2527 2
2526 3
2522 3
2521 2
2519 1
2517 1
2516 2
2515 1
2513 2
2512 1
2509 1
2508 1
2507 5
2502 2
2500 5
2499 2
2497 2
2493 5
2488 2
2486 2
2485 2
2483 1
2482 2
2481 1
2480 1
2479 2
2477 1
2476 2
2475 1
2473 4
2472 1
2471 1
2468 1
2466 4
2465 2
2464 1
2463 1
2462 1
2461 1
2460 1
2458 3
2456 1
2453 1
2452 1
2451 3
2450 3
2445 1
2444 1
2443 1
2441 5
2437 3
2436 1
2434 2
2433 2
2432 1
2431 1
2429 1
2428 2
2427 2
2426 1
2423 2
2421 2
2419 1
2418 2
2417 2
2416 1
2414 1
2413 2
2411 3
2410 1
2405 1
2404 3
2402 1
2400 3
2399 1
2398 1
2397 2
2395 1
2392 5
2391 1
2387 2
2386 1
2381 4
2380 3
2377 2
2376 2
2374 3
2372 1
2371 8
2370 3
2368 1
2365 1
2361 2
2360 3
2358 2
2357 2
2356 1
2355 1
2351 1
2346 2
2345 1
2344 1
2342 2
2340 2
2339 3
2338 5
2334 2
2332 1
2331 3
2329 2
2328 2
2327 1
2326 2
2325 1
2324 1
2323 2
2321 3
2319 2
2318 1
2317 1
2314 3
2312 1
2311 1
2310 2
2309 1
2307 1
2304 1
2303 3
2296 2
2294 1
2291 5
2290 1
2289 2
2287 5
2286 1
2285 1
2282 1
2279 9
2278 1
2277 1
2276 1
2275 3
2274 3
2272 2
2271 3
2269 2
2268 2
2266 3
2265 3
2263 2
2261 1
2260 1
2259 1
2258 2
2256 1
2255 2
2252 1
2251 4
2249 1
2246 1
2244 6
2242 1
2241 2
2239 4
2238 4
2235 3
2234 2
2230 4
2228 1
2226 2
2224 4
2223 5
2220 2
2218 1
2216 2
2214 1
2213 4
2212 1
2211 4
2208 2
2207 1
2206 1
2205 4
2204 1
2202 1
2196 1
2195 4
2194 2
2190 2
2187 4
2186 3
2185 2
2182 1
2181 1
2179 1
2178 5
2177 2
2172 1
2170 1
2169 2
2167 2
2166 7
2164 1
2163 2
2161 1
2160 5
2158 1
2157 2
2155 3
2154 1
2153 2
2148 1
2144 1
2143 4
2141 1
2140 1
2137 4
2135 1
2134 2
2132 1
2130 1
2128 3
2126 2
2125 3
2123 1
2122 1
2121 3
2120 1
2118 1
2117 2
2116 6
2115 2
2111 3
2110 1
2109 2
2107 1
2106 1
2105 2
2104 8
2103 1
2100 3
2098 1
2097 1
2096 3
2095 1
2094 1
2091 5
2090 2
2089 1
2088 1
2087 1
2086 1
2085 3
2083 3
2081 3
2078 1
2077 1
2075 2
2072 2
2070 1
2068 4
2067 3
2066 2
2065 2
2063 3
2062 4
2061 2
2060 1
2058 9
2057 4
2055 4
2052 1
2051 2
2048 4
2047 3
2046 5
2045 1
2044 1
2043 1
2041 2
2040 3
2039 2
2038 1
2037 1
2036 5
2035 4
2031 1
2030 1
2028 3
2027 2
2025 2
2024 4
2023 4
2021 7
2020 2
2019 1
2017 1
2011 2
2010 4
2008 1
2007 1
2001 2
2000 2
1999 1
1998 2
1997 1
1995 3
1994 4
1993 2
1991 2
1990 1
1987 2
1984 1
1983 3
1982 1
1981 1
1980 3
1978 1
1977 1
1975 1
1974 7
1973 1
1972 1
1971 4
1968 3
1966 3
1963 1
1962 1
1961 6
1960 4
1959 4
1958 3
1957 2
1956 1
1954 4
1953 2
1952 1
1951 4
1950 6
1949 1
1948 3
1945 3
1943 1
1942 8
1941 1
1940 3
1938 4
1937 1
1935 2
1933 2
1932 1
1931 2
1930 1
1929 5
1928 4
1927 3
1926 1
1920 4
1918 3
1917 3
1916 3
1915 1
1914 2
1913 1
1911 6
1910 4
1906 2
1905 2
1903 2
1902 1
1901 1
1900 6
1899 1
1896 1
1895 2
1894 7
1893 1
1890 1
1888 8
1884 6
1883 2
1882 1
1881 3
1880 2
1878 2
1877 5
1875 1
1873 1
1869 4
1868 1
1867 2
1865 2
1864 5
1863 1
1862 1
1861 3
1860 4
1859 1
1858 3
1857 2
1856 1
1855 1
1853 1
1852 2
1850 1
1849 3
1848 3
1847 1
1845 3
1844 3
1843 3
1839 6
1837 2
1836 4
1834 1
1833 2
1832 2
1831 2
1828 1
1827 1
1826 7
1825 1
1824 6
1823 1
1822 1
1821 1
1819 1
1818 1
1817 3
1816 6
1815 2
1814 1
1813 3
1812 2
1811 1
1809 3
1808 3
1806 2
1805 1
1804 5
1802 1
1799 4
1797 1
1796 1
1795 3
1794 2
1793 2
1792 1
1791 8
1790 3
1787 1
1786 5
1785 5
1784 4
1782 1
1781 9
1779 6
1778 1
1777 3
1776 2
1771 3
1770 3
1769 1
1768 2
1767 1
1764 7
1762 6
1761 1
1760 2
1758 4
1756 1
1755 3
1754 1
1753 4
1751 2
1750 3
1749 1
1748 1
1747 2
1742 1
1741 4
1740 8
1739 2
1738 2
1735 4
1734 4
1733 1
1732 8
1730 2
1729 2
1728 1
1727 4
1726 7
1725 2
1723 2
1722 3
1720 1
1719 5
1718 1
1717 1
1716 4
1715 1
1713 1
1712 4
1710 3
1709 2
1707 2
1706 13
1704 3
1702 2
1701 1
1700 1
1699 5
1697 1
1694 3
1691 3
1687 9
1686 1
1683 5
1682 2
1681 2
1680 8
1679 3
1678 2
1677 6
1676 2
1674 2
1673 5
1672 6
1670 2
1669 4
1668 5
1667 2
1665 4
1663 2
1662 1
1661 3
1660 4
1659 6
1658 2
1656 3
1654 5
1653 3
1652 3
1650 9
1649 1
1648 1
1647 1
1646 5
1645 3
1644 4
1641 3
1640 1
1639 2
1638 6
1637 2
1636 1
1635 1
1634 3
1633 2
1631 9
1629 1
1627 1
1626 3
1625 2
1624 1
1623 4
1622 2
1621 2
1620 4
1619 1
1618 1
1617 5
1615 5
1613 1
1612 3
1611 3
1610 3
1609 7
1608 2
1607 3
1604 3
1603 4
1602 5
1601 2
1600 3
1599 1
1598 1
1597 8
1596 2
1595 2
1594 2
1593 3
1592 5
1591 3
1590 3
1589 8
1588 1
1587 2
1586 5
1585 4
1583 4
1582 2
1581 2
1579 1
1578 6
1576 5
1575 7
1574 5
1572 1
1571 1
1570 1
1569 8
1567 2
1566 1
1565 4
1564 2
1563 1
1562 5
1561 2
1560 3
1559 1
1558 5
1557 7
1556 1
1554 4
1553 4
1552 2
1551 5
1549 4
1548 1
1547 1
1546 2
1545 1
1544 2
1543 4
1542 2
1541 5
1540 8
1538 2
1537 4
1536 1
1535 3
1534 7
1532 1
1529 7
1528 2
1527 3
1526 3
1525 12
1524 5
1523 1
1522 5
1521 1
1520 6
1519 2
1518 4
1517 4
1516 3
1515 1
1514 3
1513 3
1512 4
1511 5
1509 1
1508 7
1507 7
1506 1
1505 5
1503 1
1502 1
1500 4
1498 9
1497 7
1496 6
1493 4
1492 3
1491 2
1490 5
1489 6
1488 2
1486 1
1485 2
1484 4
1483 1
1482 2
1481 6
1480 1
1479 9
1478 1
1477 2
1476 9
1474 2
1473 7
1472 8
1471 2
1469 2
1468 5
1467 4
1465 4
1464 7
1463 6
1462 1
1460 9
1459 6
1458 4
1456 2
1454 5
1453 6
1452 7
1450 1
1449 2
1448 8
1447 1
1446 8
1444 4
1443 2
1442 9
1441 5
1440 3
1439 4
1438 2
1435 13
1434 3
1433 2
1432 2
1430 11
1429 1
1428 2
1425 6
1423 1
1422 3
1421 3
1420 1
1419 9
1418 2
1417 2
1416 6
1415 2
1414 2
1413 9
1412 4
1411 1
1410 10
1409 4
1408 3
1407 1
1406 4
1405 1
1404 5
1403 6
1402 4
1400 7
1398 2
1397 4
1396 5
1395 1
1394 3
1393 5
1392 8
1390 2
1389 5
1388 2
1387 4
1386 2
1385 3
1384 2
1383 1
1382 4
1381 3
1380 8
1378 8
1377 5
1375 7
1374 2
1373 6
1372 3
1371 3
1370 3
1369 9
1368 3
1367 2
1366 2
1365 1
1364 2
1363 7
1362 7
1361 3
1360 2
1359 3
1358 8
1357 7
1356 2
1355 3
1354 2
1353 7
1352 1
1350 3
1349 2
1348 3
1347 2
1346 1
1345 7
1343 4
1342 2
1341 6
1339 12
1338 6
1337 2
1336 6
1335 2
1334 1
1333 4
1332 9
1331 4
1330 1
1328 1
1327 6
1326 7
1325 1
1324 6
1323 3
1322 5
1321 1
1320 1
1319 4
1318 7
1316 5
1315 9
1313 1
1312 1
1311 3
1310 4
1308 5
1305 2
1304 5
1303 5
1302 8
1301 2
1299 7
1297 5
1296 9
1295 6
1294 5
1293 10
1292 2
1291 3
1288 1
1287 8
1286 4
1285 7
1284 10
1283 1
1282 1
1280 2
1279 1
1278 3
1277 4
1276 2
1275 8
1273 1
1272 13
1271 2
1270 7
1268 16
1267 1
1266 11
1265 4
1264 3
1263 5
1262 6
1261 4
1260 2
1259 1
1258 5
1257 1
1256 10
1254 7
1253 5
1252 3
1251 1
1250 3
1249 4
1248 2
1247 1
1246 10
1245 5
1244 7
1243 2
1242 4
1241 2
1240 5
1239 9
1238 5
1237 4
1236 11
1235 1
1234 1
1233 5
1232 1
1231 10
1230 5
1228 8
1227 4
1225 1
1224 7
1223 8
1222 3
1221 8
1219 7
1218 5
1217 3
1216 6
1215 6
1214 13
1213 1
1212 1
1211 2
1210 5
1209 13
1208 1
1207 1
1206 7
1205 4
1203 9
1202 3
1201 1
1200 9
1199 4
1198 11
1197 1
1196 2
1194 1
1193 9
1192 2
1191 2
1190 6
1189 2
1188 2
1187 6
1186 6
1185 2
1183 2
1182 1
1181 8
1180 7
1178 5
1176 10
1175 2
1174 7
1173 1
1171 2
1170 4
1169 4
1168 6
1167 7
1166 4
1165 18
1164 2
1163 2
1161 4
1160 8
1159 7
1158 4
1157 3
1156 5
1154 11
1153 3
1152 2
1151 7
1150 3
1149 10
1148 4
1147 2
1146 8
1145 4
1144 9
1142 8
1141 5
1139 5
1137 9
1136 3
1135 5
1134 2
1133 1
1132 10
1131 10
1130 9
1129 6
1128 7
1127 3
1126 2
1125 2
1123 2
1122 10
1121 15
1120 10
1119 2
1118 7
1115 9
1114 8
1113 13
1112 2
1110 1
1109 21
1108 3
1107 6
1106 10
1105 7
1104 2
1103 4
1101 12
1099 12
1098 2
1096 2
1095 10
1094 3
1093 1
1092 11
1091 10
1090 5
1089 6
1088 2
1087 5
1086 9
1085 11
1083 12
1082 1
1081 6
1080 2
1079 7
1078 5
1076 17
1074 11
1073 3
1072 13
1070 6
1069 19
1067 5
1066 3
1065 4
1064 3
1063 9
1062 16
1061 1
1060 2
1059 5
1058 14
1057 7
1056 3
1055 9
1054 6
1052 8
1051 5
1050 14
1049 1
1048 6
1047 4
1046 2
1045 9
1044 8
1043 4
1042 4
1041 15
1040 9
1039 3
1038 8
1036 9
1035 7
1034 2
1033 7
1032 6
1031 13
1030 8
1029 3
1028 7
1027 1
1026 10
1025 7
1024 10
1023 16
1021 9
1020 4
1018 4
1017 1
1016 17
1015 11
1014 7
1013 6
1012 1
1011 13
1010 15
1009 3
1008 1
1007 10
1006 6
1005 12
1004 3
1003 14
1002 3
1001 12
1000 3
999 7
998 28
997 1
996 3
995 8
994 1
993 1
992 21
991 1
990 5
989 13
988 3
987 6
986 4
985 4
983 22
982 4
981 7
980 4
979 19
978 3
977 11
976 1
975 7
974 14
973 8
971 3
970 8
969 7
968 6
967 5
965 12
964 3
963 4
962 3
961 6
960 8
959 9
958 3
957 4
956 4
955 18
954 4
953 2
952 9
950 4
949 19
948 2
947 18
946 8
944 18
943 15
942 5
941 13
939 7
938 7
937 11
936 8
935 11
934 1
933 4
932 9
931 9
930 5
929 18
928 11
927 1
926 1
925 11
923 16
922 9
921 13
920 16
919 5
918 7
917 2
916 19
915 9
914 4
913 5
912 8
911 4
910 4
908 24
907 4
906 15
905 1
904 12
903 11
902 11
901 8
900 8
899 4
898 13
897 1
896 23
894 16
892 19
891 10
890 17
889 4
888 3
887 17
886 7
885 22
884 3
883 1
882 4
881 16
880 9
879 14
878 1
877 4
876 11
875 14
874 16
873 2
872 1
871 14
870 6
869 10
868 6
867 1
866 27
865 9
864 3
863 15
862 7
861 13
860 6
859 11
858 4
857 2
856 7
855 9
854 15
853 6
852 3
851 11
850 14
849 1
848 3
847 16
846 2
845 6
844 12
843 4
842 9
841 15
840 1
839 10
838 32
837 1
836 9
835 11
834 26
833 6
832 6
831 1
830 20
829 13
828 3
827 24
826 23
825 3
824 15
823 5
822 20
821 2
820 8
819 23
818 10
817 10
816 1
815 4
814 12
813 7
812 11
810 7
809 21
808 21
807 2
806 6
805 13
804 9
803 4
802 20
801 6
800 13
799 16
798 4
797 14
796 11
795 2
794 19
793 2
792 18
791 9
790 15
789 15
788 4
787 13
786 27
785 13
784 1
783 2
782 19
781 11
780 10
779 7
778 9
777 11
776 16
775 2
774 17
773 2
772 20
770 11
769 11
768 16
767 2
766 9
765 32
764 25
763 2
762 4
761 8
760 23
759 17
758 11
757 6
756 6
755 11
754 20
753 8
751 11
750 9
749 13
748 12
747 5
746 6
745 25
744 7
743 4
742 17
741 25
740 5
739 17
738 15
737 8
736 9
735 13
734 26
733 5
732 13
731 13
730 18
729 25
728 15
727 5
726 2
725 17
724 16
723 14
722 22
721 14
720 9
719 6
718 11
717 14
716 15
715 5
714 16
713 21
712 34
711 10
710 14
709 7
708 18
707 10
706 4
705 14
704 19
703 29
702 3
701 15
700 24
699 13
698 13
697 31
696 11
694 4
693 23
692 7
691 27
690 11
689 17
688 11
687 27
686 1
685 26
684 11
683 3
682 13
681 34
680 3
679 36
678 4
677 34
676 13
675 8
674 14
672 38
671 17
670 1
669 12
668 6
667 19
666 19
665 19
664 9
663 21
662 15
661 10
660 24
659 18
658 8
657 23
656 15
655 12
654 8
653 46
652 7
651 7
650 32
649 17
648 20
647 20
646 20
645 19
644 6
643 25
642 16
641 21
640 18
639 32
638 1
637 25
636 22
635 2
634 10
633 25
632 24
631 19
630 9
629 37
628 10
627 2
626 37
625 13
624 16
623 20
622 3
621 27
620 20
619 15
618 16
617 14
616 15
615 48
614 10
613 14
612 14
611 30
610 9
609 15
608 21
607 22
606 15
605 20
604 12
603 34
602 19
601 14
600 36
599 9
598 39
597 7
596 35
595 26
594 20
593 11
592 3
591 16
590 45
589 8
588 23
587 19
586 24
585 12
584 38
583 22
582 9
581 24
580 28
579 27
578 32
577 16
576 20
575 22
574 25
573 16
572 17
571 27
570 14
569 27
568 19
567 30
566 14
565 16
564 26
563 10
562 32
561 19
560 33
559 31
558 27
557 16
556 21
555 19
554 17
553 44
552 6
551 25
550 13
549 46
548 8
547 33
546 11
545 2
544 37
543 30
542 32
541 23
540 16
539 32
538 10
537 44
536 17
535 11
534 33
533 25
532 23
531 38
530 34
529 10
528 27
527 18
526 35
525 22
524 7
523 43
522 50
521 35
520 7
519 14
518 28
517 42
516 18
515 30
514 32
513 30
512 12
511 75
510 2
509 14
508 27
507 49
506 42
505 26
504 26
503 37
502 22
501 29
500 13
499 24
498 42
497 15
496 41
495 28
494 28
493 53
492 25
491 35
490 29
489 18
488 58
487 43
486 12
485 54
484 19
483 26
482 36
481 18
480 39
479 27
478 37
477 39
476 35
475 16
474 21
473 51
472 37
471 40
470 17
469 50
468 31
467 41
466 21
465 23
464 54
463 60
462 3
461 20
460 33
459 59
458 13
457 34
456 49
455 23
454 14
453 49
452 39
451 25
450 63
449 28
448 36
447 26
446 45
445 32
444 54
443 48
442 23
441 37
440 49
439 16
438 30
437 36
436 33
435 44
434 42
433 42
432 37
431 44
430 43
429 47
428 35
427 51
426 28
425 30
424 60
423 53
422 26
421 56
420 38
419 44
418 47
417 41
416 30
415 60
414 35
413 53
412 48
411 28
410 38
409 41
408 61
407 62
406 36
405 74
404 38
403 37
402 35
401 43
400 63
399 49
398 25
397 26
396 82
395 66
394 37
393 30
392 91
391 21
390 86
389 31
388 60
387 55
386 62
385 50
384 44
383 53
382 68
381 43
380 65
379 42
378 54
377 56
376 41
375 39
374 71
373 79
372 46
371 54
370 69
369 51
368 67
367 23
366 94
365 44
364 68
362 82
361 67
360 76
359 39
358 78
357 63
356 65
355 93
354 44
353 65
352 58
351 58
350 55
349 61
348 84
347 84
346 29
345 46
344 31
343 90
342 69
341 64
340 65
339 83
338 60
337 46
336 110
335 57
334 73
333 81
332 71
331 67
330 63
329 79
328 62
327 102
326 48
325 49
324 69
323 122
322 78
321 106
320 71
319 65
318 70
317 90
316 69
315 92
314 58
313 93
312 86
311 89
310 79
309 69
308 98
307 107
306 94
305 86
304 104
303 91
302 86
301 62
300 105
299 55
298 80
297 103
296 81
295 89
294 76
293 91
292 102
291 75
290 106
289 101
288 71
287 100
286 101
285 88
284 86
283 121
282 98
281 97
280 47
279 165
278 94
277 106
276 129
275 99
274 111
273 64
272 111
271 88
270 93
269 132
268 92
267 131
266 117
265 87
264 103
263 105
262 104
261 119
260 82
259 166
258 78
257 139
256 138
255 99
254 132
253 110
252 134
251 152
250 132
249 127
248 109
247 134
246 149
245 124
244 141
243 108
242 144
241 106
240 199
239 112
238 188
237 142
236 123
235 182
234 157
233 136
232 143
231 196
230 156
229 134
228 165
227 141
226 196
225 152
224 169
223 152
222 192
221 159
220 192
219 132
218 171
217 217
216 148
215 190
214 168
213 167
212 182
211 192
210 169
209 175
208 197
207 196
206 192
205 226
204 212
203 235
202 173
201 179
200 199
199 218
198 223
197 230
196 218
195 249
194 209
193 272
192 215
191 231
190 238
189 254
188 258
187 229
186 232
185 268
184 287
183 269
182 272
181 305
180 265
179 276
178 278
177 298
176 291
175 319
174 297
173 345
172 328
171 315
170 305
169 333
168 323
167 349
166 376
165 381
164 366
163 376
162 401
161 356
160 385
159 388
158 391
157 425
156 409
155 384
154 416
153 428
152 446
151 469
150 424
149 468
148 467
147 481
146 456
145 530
144 514
143 490
142 517
141 523
140 539
139 531
138 519
137 545
136 593
135 597
134 615
133 597
132 657
131 638
130 646
129 687
128 673
127 671
126 671
125 699
124 706
123 742
122 685
121 774
120 791
119 750
118 746
117 767
116 826
115 862
114 861
113 874
112 905
111 950
110 890
109 976
108 937
107 1014
106 1009
105 1000
104 1049
103 1108
102 1150
101 1117
100 1133
99 1115
98 1287
97 1196
96 1186
95 1265
94 1310
93 1356
92 1361
91 1363
90 1358
89 1395
88 1409
87 1577
86 1573
85 1610
84 1644
83 1679
82 1640
81 1752
80 1747
79 1805
78 1895
77 1911
76 1935
75 1959
74 2080
73 2116
72 2159
71 2230
70 2323
69 2453
68 2517
67 2489
66 2534
65 2680
64 2691
63 2874
62 2979
61 2911
60 2988
59 3232
58 3382
57 3496
56 3590
55 3590
54 3815
53 3956
52 4170
51 4260
50 4434
49 4591
48 4823
47 5037
46 5280
45 5636
44 5723
43 5925
42 6433
41 6522
40 6976
39 7322
38 7861
37 8140
36 8646
35 9208
34 9884
33 10167
32 10900
31 11736
30 12506
29 13306
28 14292
27 15541
26 16747
25 17882
24 19883
23 21241
22 23457
21 25538
20 28503
19 31168
18 35283
17 39602
16 44620
15 51281
14 59359
13 68273
12 83276
11 97545
10 130688
9 153207
8 242506
7 274117
6 600728
5 636635
4 2418144
3 2519426
2 27967383
1 21424510
